17:11:34 [INFO] [src\main.rs:31] starting tacky-borders
17:12:37 [INFO] [src\utils.rs:824] border is disabled for HWND(0x400dc)
17:13:16 [INFO] [src\config.rs:495] config.yaml has changed; reloading borders
17:13:21 [INFO] [src\utils.rs:824] border is disabled for HWND(0xa0272)
17:13:23 [INFO] [src\utils.rs:824] border is disabled for HWND(0xb0272)
17:13:29 [INFO] [src\utils.rs:824] border is disabled for HWND(0xc0272)
17:13:32 [INFO] [src\utils.rs:824] border is disabled for HWND(0xd0272)
17:13:49 [INFO] [src\utils.rs:824] border is disabled for HWND(0x110272)
17:14:29 [INFO] [src\utils.rs:824] border is disabled for HWND(0x705d2)
17:14:37 [INFO] [src\utils.rs:824] border is disabled for HWND(0x400dc)
17:14:40 [INFO] [src\utils.rs:824] border is disabled for HWND(0x1b00d0)
17:14:40 [INFO] [src\utils.rs:824] border is disabled for HWND(0x290128)
17:15:03 [INFO] [src\utils.rs:824] border is disabled for HWND(0x17048a)
17:15:27 [INFO] [src\utils.rs:824] border is disabled for HWND(0x400dc)
17:15:39 [INFO] [src\utils.rs:824] border is disabled for HWND(0x1b00d0)
17:15:39 [INFO] [src\utils.rs:824] border is disabled for HWND(0x290128)
17:17:22 [INFO] [src\utils.rs:824] border is disabled for HWND(0x400dc)
17:20:04 [INFO] [src\utils.rs:824] border is disabled for HWND(0x1a009c)
17:20:08 [INFO] [src\utils.rs:824] border is disabled for HWND(0x1b00d0)
17:20:08 [INFO] [src\utils.rs:824] border is disabled for HWND(0x290128)
17:20:10 [INFO] [src\utils.rs:824] border is disabled for HWND(0x605b0)
17:20:38 [INFO] [src\utils.rs:824] border is disabled for HWND(0x400dc)
17:21:30 [INFO] [src\utils.rs:824] border is disabled for HWND(0x400dc)
17:21:41 [INFO] [src\utils.rs:824] border is disabled for HWND(0x400dc)
17:22:10 [INFO] [src\utils.rs:824] border is disabled for HWND(0xc05de)
17:22:31 [INFO] [src\utils.rs:824] border is disabled for HWND(0x805ac)
17:23:18 [INFO] [src\utils.rs:824] border is disabled for HWND(0x400dc)
17:23:32 [INFO] [src\utils.rs:824] border is disabled for HWND(0x400dc)
17:23:38 [INFO] [src\utils.rs:824] border is disabled for HWND(0x400dc)
17:24:00 [INFO] [src\utils.rs:824] border is disabled for HWND(0x1b00d0)
17:24:00 [INFO] [src\utils.rs:824] border is disabled for HWND(0x290128)
17:24:22 [ERROR] [src\utils.rs:73] could not set window position for HWND(0xb0692): Access is denied. (0x80070005)
17:24:22 [ERROR] [src\utils.rs:73] could not set window position for HWND(0xb0692): Access is denied. (0x80070005)
17:25:23 [INFO] [src\utils.rs:824] border is disabled for HWND(0x400dc)
17:25:24 [INFO] [src\utils.rs:824] border is disabled for HWND(0x1b00d0)
17:25:24 [INFO] [src\utils.rs:824] border is disabled for HWND(0x290128)
17:25:26 [INFO] [src\utils.rs:824] border is disabled for HWND(0x507d0)
17:25:37 [INFO] [src\utils.rs:824] border is disabled for HWND(0x400dc)
17:27:02 [INFO] [src\utils.rs:824] border is disabled for HWND(0x1b00d0)
17:27:02 [INFO] [src\utils.rs:824] border is disabled for HWND(0x290128)
17:27:07 [INFO] [src\utils.rs:824] border is disabled for HWND(0x1b00d0)
17:27:07 [INFO] [src\utils.rs:824] border is disabled for HWND(0x290128)
17:27:20 [INFO] [src\utils.rs:824] border is disabled for HWND(0x1b00d0)
17:27:20 [INFO] [src\utils.rs:824] border is disabled for HWND(0x290128)
17:41:59 [INFO] [src\utils.rs:824] border is disabled for HWND(0x400dc)
17:42:00 [INFO] [src\utils.rs:824] border is disabled for HWND(0x1b00d0)
17:42:00 [INFO] [src\utils.rs:824] border is disabled for HWND(0x290128)
17:42:06 [INFO] [src\utils.rs:824] border is disabled for HWND(0x1b00d0)
17:42:06 [INFO] [src\utils.rs:824] border is disabled for HWND(0x290128)
17:42:14 [INFO] [src\utils.rs:824] border is disabled for HWND(0xa0762)
17:42:21 [INFO] [src\utils.rs:824] border is disabled for HWND(0x400dc)
17:42:40 [INFO] [src\utils.rs:824] border is disabled for HWND(0xa07b4)
17:44:39 [INFO] [src\utils.rs:824] border is disabled for HWND(0xc017e)
17:44:45 [INFO] [src\utils.rs:824] border is disabled for HWND(0x1b00d0)
17:44:45 [INFO] [src\utils.rs:824] border is disabled for HWND(0x290128)
17:44:52 [INFO] [src\utils.rs:824] border is disabled for HWND(0x400dc)
17:44:57 [INFO] [src\utils.rs:824] border is disabled for HWND(0x400dc)
17:45:02 [INFO] [src\utils.rs:824] border is disabled for HWND(0x40466)
17:45:21 [INFO] [src\utils.rs:824] border is disabled for HWND(0x400dc)
17:45:28 [INFO] [src\utils.rs:824] border is disabled for HWND(0x400dc)
17:46:34 [INFO] [src\utils.rs:824] border is disabled for HWND(0x400dc)
17:46:37 [INFO] [src\utils.rs:824] border is disabled for HWND(0x30702)
17:46:41 [INFO] [src\utils.rs:824] border is disabled for HWND(0x400dc)
17:46:48 [INFO] [src\utils.rs:824] border is disabled for HWND(0x400dc)
17:46:49 [INFO] [src\utils.rs:824] border is disabled for HWND(0x1b00d0)
17:46:49 [INFO] [src\utils.rs:824] border is disabled for HWND(0x290128)
17:46:54 [INFO] [src\utils.rs:824] border is disabled for HWND(0x607d8)
17:46:56 [INFO] [src\utils.rs:824] border is disabled for HWND(0x707d8)
17:46:58 [INFO] [src\utils.rs:824] border is disabled for HWND(0x1b00d0)
17:46:58 [INFO] [src\utils.rs:824] border is disabled for HWND(0x290128)
17:47:30 [INFO] [src\utils.rs:824] border is disabled for HWND(0xd0592)
17:47:31 [INFO] [src\utils.rs:824] border is disabled for HWND(0xe0592)
17:47:48 [INFO] [src\utils.rs:824] border is disabled for HWND(0x400dc)
17:47:52 [INFO] [src\utils.rs:824] border is disabled for HWND(0x400dc)
17:48:13 [INFO] [src\utils.rs:824] border is disabled for HWND(0x400dc)
17:48:18 [INFO] [src\utils.rs:824] border is disabled for HWND(0x400dc)
17:48:58 [INFO] [src\utils.rs:824] border is disabled for HWND(0x1b00d0)
17:48:58 [INFO] [src\utils.rs:824] border is disabled for HWND(0x290128)
17:49:44 [INFO] [src\utils.rs:824] border is disabled for HWND(0x400dc)
17:50:59 [INFO] [src\utils.rs:824] border is disabled for HWND(0x400dc)
17:51:19 [INFO] [src\utils.rs:824] border is disabled for HWND(0x14010c)
17:51:37 [INFO] [src\utils.rs:824] border is disabled for HWND(0x400dc)
17:51:41 [INFO] [src\utils.rs:824] border is disabled for HWND(0x400dc)
17:51:49 [INFO] [src\utils.rs:824] border is disabled for HWND(0x400dc)
17:52:25 [INFO] [src\utils.rs:824] border is disabled for HWND(0x1b00d0)
17:52:25 [INFO] [src\utils.rs:824] border is disabled for HWND(0x290128)
17:53:00 [INFO] [src\utils.rs:824] border is disabled for HWND(0x400dc)
17:53:49 [INFO] [src\utils.rs:824] border is disabled for HWND(0x400dc)
17:56:00 [INFO] [src\utils.rs:824] border is disabled for HWND(0x1b00d0)
17:56:00 [INFO] [src\utils.rs:824] border is disabled for HWND(0x290128)
17:56:05 [INFO] [src\utils.rs:824] border is disabled for HWND(0x400dc)
17:56:49 [INFO] [src\utils.rs:824] border is disabled for HWND(0x180134)
17:57:12 [INFO] [src\utils.rs:824] border is disabled for HWND(0x400dc)
17:58:21 [INFO] [src\utils.rs:824] border is disabled for HWND(0x400dc)
17:59:43 [INFO] [src\utils.rs:824] border is disabled for HWND(0x400dc)
17:59:58 [INFO] [src\utils.rs:824] border is disabled for HWND(0x1004d8)
18:00:11 [INFO] [src\utils.rs:824] border is disabled for HWND(0x1004d8)
18:01:40 [INFO] [src\utils.rs:824] border is disabled for HWND(0x1004d8)
18:02:50 [INFO] [src\utils.rs:824] border is disabled for HWND(0x1004d8)
18:04:34 [INFO] [src\utils.rs:824] border is disabled for HWND(0x1004d8)
18:05:33 [INFO] [src\utils.rs:824] border is disabled for HWND(0x1004d8)
18:06:42 [INFO] [src\utils.rs:824] border is disabled for HWND(0x15053a)
18:07:05 [INFO] [src\utils.rs:824] border is disabled for HWND(0x1d00d0)
18:07:05 [INFO] [src\utils.rs:824] border is disabled for HWND(0x120434)
18:07:45 [INFO] [src\utils.rs:824] border is disabled for HWND(0x1d00d0)
18:07:45 [INFO] [src\utils.rs:824] border is disabled for HWND(0x120434)
18:07:47 [INFO] [src\utils.rs:824] border is disabled for HWND(0x1d00d0)
18:07:47 [INFO] [src\utils.rs:824] border is disabled for HWND(0x120434)
18:09:05 [INFO] [src\utils.rs:824] border is disabled for HWND(0x1e02a4)
18:09:07 [INFO] [src\utils.rs:824] border is disabled for HWND(0x1e02a4)
18:10:34 [INFO] [src\utils.rs:824] border is disabled for HWND(0x14041a)
18:10:46 [INFO] [src\utils.rs:824] border is disabled for HWND(0x14041a)
18:10:56 [INFO] [src\utils.rs:824] border is disabled for HWND(0x14041a)
18:11:06 [INFO] [src\utils.rs:824] border is disabled for HWND(0x140362)
18:11:07 [INFO] [src\utils.rs:824] border is disabled for HWND(0x140362)
18:11:31 [INFO] [src\utils.rs:824] border is disabled for HWND(0x14041a)
18:11:49 [INFO] [src\utils.rs:824] border is disabled for HWND(0x14041a)
18:11:54 [INFO] [src\utils.rs:824] border is disabled for HWND(0x14041a)
18:13:10 [INFO] [src\utils.rs:824] border is disabled for HWND(0x1e02a4)
18:13:14 [INFO] [src\utils.rs:824] border is disabled for HWND(0x14041a)
18:13:17 [INFO] [src\utils.rs:824] border is disabled for HWND(0x14041a)
18:14:01 [INFO] [src\utils.rs:824] border is disabled for HWND(0x14041a)
18:14:14 [INFO] [src\utils.rs:824] border is disabled for HWND(0x1e02a4)
18:15:01 [INFO] [src\utils.rs:824] border is disabled for HWND(0x14041a)
18:15:16 [INFO] [src\utils.rs:824] border is disabled for HWND(0x14041a)
18:15:36 [INFO] [src\utils.rs:824] border is disabled for HWND(0x14041a)
18:15:39 [INFO] [src\utils.rs:824] border is disabled for HWND(0x140362)
18:15:40 [INFO] [src\utils.rs:824] border is disabled for HWND(0x140362)
18:16:18 [INFO] [src\utils.rs:824] border is disabled for HWND(0x1c0012)
18:16:18 [INFO] [src\utils.rs:824] border is disabled for HWND(0x11070c)
18:16:35 [INFO] [src\utils.rs:824] border is disabled for HWND(0x1902ac)
18:19:29 [INFO] [src\utils.rs:824] border is disabled for HWND(0x270348)
18:19:29 [INFO] [src\utils.rs:824] border is disabled for HWND(0xf0648)
18:22:50 [INFO] [src\utils.rs:824] border is disabled for HWND(0x1706bc)
18:24:22 [ERROR] [src\utils.rs:73] could not get window rect for HWND(0xa00d6): The handle is invalid. (0x80070006)
18:24:54 [INFO] [src\utils.rs:824] border is disabled for HWND(0x1706bc)
18:24:59 [INFO] [src\utils.rs:824] border is disabled for HWND(0x1706bc)
18:25:05 [INFO] [src\utils.rs:824] border is disabled for HWND(0xa0726)
18:25:38 [INFO] [src\utils.rs:824] border is disabled for HWND(0x2400a8)
18:25:40 [INFO] [src\utils.rs:824] border is disabled for HWND(0x2500a8)
18:26:56 [INFO] [src\utils.rs:824] border is disabled for HWND(0x270348)
18:26:56 [INFO] [src\utils.rs:824] border is disabled for HWND(0xf0648)
18:28:29 [INFO] [src\utils.rs:824] border is disabled for HWND(0x2e01aa)
18:28:40 [INFO] [src\utils.rs:824] border is disabled for HWND(0x1706bc)
18:28:55 [INFO] [src\utils.rs:824] border is disabled for HWND(0x1b02ca)
18:28:57 [INFO] [src\utils.rs:824] border is disabled for HWND(0x1c02ca)
18:29:31 [INFO] [src\utils.rs:824] border is disabled for HWND(0x2c0308)
18:30:00 [INFO] [src\utils.rs:824] border is disabled for HWND(0x270348)
18:30:00 [INFO] [src\utils.rs:824] border is disabled for HWND(0xf0648)
18:31:44 [INFO] [src\main.rs:31] starting tacky-borders
18:31:55 [INFO] [src\utils.rs:824] border is disabled for HWND(0x303fa)
18:31:57 [INFO] [src\utils.rs:824] border is disabled for HWND(0x403fa)
18:32:06 [INFO] [src\utils.rs:824] border is disabled for HWND(0x201a0)
18:32:06 [INFO] [src\utils.rs:824] border is disabled for HWND(0x301b2)
18:32:37 [INFO] [src\utils.rs:824] border is disabled for HWND(0x20368)
18:32:39 [INFO] [src\utils.rs:824] border is disabled for HWND(0x20368)
18:32:46 [INFO] [src\utils.rs:824] border is disabled for HWND(0x20390)
18:33:42 [INFO] [src\utils.rs:824] border is disabled for HWND(0x201a0)
18:33:42 [INFO] [src\utils.rs:824] border is disabled for HWND(0x301b2)
18:41:59 [INFO] [src\main.rs:31] starting tacky-borders
18:42:27 [INFO] [src\utils.rs:824] border is disabled for HWND(0x2010a)
18:42:37 [INFO] [src\utils.rs:824] border is disabled for HWND(0x101a4)
18:42:37 [INFO] [src\utils.rs:824] border is disabled for HWND(0x301aa)
18:42:43 [INFO] [src\utils.rs:824] border is disabled for HWND(0x10480)
18:42:54 [INFO] [src\utils.rs:824] border is disabled for HWND(0x204d8)
18:43:51 [INFO] [src\utils.rs:824] border is disabled for HWND(0x10480)
18:44:06 [INFO] [src\utils.rs:824] border is disabled for HWND(0x8040c)
18:44:30 [INFO] [src\utils.rs:824] border is disabled for HWND(0x101a4)
18:44:30 [INFO] [src\utils.rs:824] border is disabled for HWND(0x301aa)
18:44:32 [INFO] [src\utils.rs:824] border is disabled for HWND(0x202fa)
18:44:34 [INFO] [src\utils.rs:824] border is disabled for HWND(0x302fa)
18:44:42 [INFO] [src\utils.rs:824] border is disabled for HWND(0x10480)
18:44:52 [INFO] [src\utils.rs:824] border is disabled for HWND(0x10480)
18:45:31 [INFO] [src\utils.rs:824] border is disabled for HWND(0x60254)
18:45:49 [INFO] [src\utils.rs:824] border is disabled for HWND(0x10480)
18:46:04 [INFO] [src\utils.rs:824] border is disabled for HWND(0x60254)
18:46:06 [INFO] [src\utils.rs:824] border is disabled for HWND(0x60254)
18:47:38 [INFO] [src\utils.rs:824] border is disabled for HWND(0x101a4)
18:47:38 [INFO] [src\utils.rs:824] border is disabled for HWND(0x301aa)
18:48:42 [INFO] [src\utils.rs:824] border is disabled for HWND(0x60254)
18:48:44 [INFO] [src\utils.rs:824] border is disabled for HWND(0x60254)
18:49:02 [INFO] [src\utils.rs:824] border is disabled for HWND(0x10480)
18:49:03 [INFO] [src\utils.rs:824] border is disabled for HWND(0x20372)
18:49:07 [INFO] [src\utils.rs:824] border is disabled for HWND(0x20372)
18:49:08 [INFO] [src\utils.rs:824] border is disabled for HWND(0x60254)
18:49:43 [INFO] [src\utils.rs:824] border is disabled for HWND(0x101a4)
18:49:43 [INFO] [src\utils.rs:824] border is disabled for HWND(0x301aa)
18:51:13 [INFO] [src\utils.rs:824] border is disabled for HWND(0x10480)
18:51:19 [INFO] [src\utils.rs:824] border is disabled for HWND(0x501b6)
18:51:31 [INFO] [src\utils.rs:824] border is disabled for HWND(0x20372)
18:51:35 [INFO] [src\utils.rs:824] border is disabled for HWND(0x20372)
18:51:40 [ERROR] [src\utils.rs:73] could not set window position for HWND(0x502f2): Access is denied. (0x80070005)
18:51:40 [ERROR] [src\utils.rs:73] could not set window position for HWND(0x502f2): Access is denied. (0x80070005)
18:51:42 [INFO] [src\utils.rs:824] border is disabled for HWND(0x903b2)
18:51:58 [ERROR] [src\utils.rs:73] could not set window position for HWND(0x900b6): Access is denied. (0x80070005)
18:51:58 [ERROR] [src\utils.rs:73] could not set window position for HWND(0x900b6): Access is denied. (0x80070005)
18:52:00 [INFO] [src\utils.rs:824] border is disabled for HWND(0x50324)
18:54:02 [INFO] [src\utils.rs:824] border is disabled for HWND(0x30224)
18:54:02 [INFO] [src\utils.rs:824] border is disabled for HWND(0x90252)
18:56:18 [INFO] [src\utils.rs:824] border is disabled for HWND(0x1a0432)
18:56:21 [INFO] [src\utils.rs:824] border is disabled for HWND(0x1a0432)
18:58:12 [INFO] [src\utils.rs:824] border is disabled for HWND(0x30224)
18:58:12 [INFO] [src\utils.rs:824] border is disabled for HWND(0x90252)
18:58:27 [INFO] [src\utils.rs:824] border is disabled for HWND(0x2058e)
18:58:50 [INFO] [src\utils.rs:824] border is disabled for HWND(0x1a0432)
18:58:59 [INFO] [src\utils.rs:824] border is disabled for HWND(0x1a0432)
18:59:07 [INFO] [src\utils.rs:824] border is disabled for HWND(0x1a0432)
18:59:30 [INFO] [src\utils.rs:824] border is disabled for HWND(0x8043c)
18:59:46 [INFO] [src\utils.rs:824] border is disabled for HWND(0x50198)
18:59:54 [INFO] [src\utils.rs:824] border is disabled for HWND(0x1a0432)
19:00:35 [INFO] [src\utils.rs:824] border is disabled for HWND(0x1a0432)
19:00:37 [INFO] [src\utils.rs:824] border is disabled for HWND(0x205b4)
19:01:04 [INFO] [src\utils.rs:824] border is disabled for HWND(0x60606)
19:01:09 [INFO] [src\utils.rs:824] border is disabled for HWND(0x1a0432)
19:01:16 [INFO] [src\utils.rs:824] border is disabled for HWND(0x100364)
19:01:35 [INFO] [src\utils.rs:824] border is disabled for HWND(0x150586)
19:01:48 [INFO] [src\utils.rs:824] border is disabled for HWND(0x1a0432)
19:02:23 [INFO] [src\utils.rs:824] border is disabled for HWND(0x5065c)
19:02:27 [INFO] [src\utils.rs:824] border is disabled for HWND(0x1a00bc)
19:02:33 [INFO] [src\utils.rs:824] border is disabled for HWND(0x1b00bc)
19:03:22 [INFO] [src\utils.rs:824] border is disabled for HWND(0x1a0432)
19:04:10 [INFO] [src\utils.rs:824] border is disabled for HWND(0x1a0432)
19:04:42 [INFO] [src\utils.rs:824] border is disabled for HWND(0x90660)
19:04:48 [INFO] [src\utils.rs:824] border is disabled for HWND(0xa0660)
19:04:54 [INFO] [src\utils.rs:824] border is disabled for HWND(0x1a0432)
19:04:59 [INFO] [src\utils.rs:824] border is disabled for HWND(0x8059c)
19:05:39 [INFO] [src\utils.rs:824] border is disabled for HWND(0x1a0432)
19:06:07 [ERROR] [src\utils.rs:73] could not set window position for HWND(0x606b6): Access is denied. (0x80070005)
19:06:07 [ERROR] [src\utils.rs:73] could not set window position for HWND(0x606b6): Access is denied. (0x80070005)
19:06:46 [INFO] [src\utils.rs:824] border is disabled for HWND(0x40668)
19:06:46 [INFO] [src\utils.rs:824] border is disabled for HWND(0x50668)
19:07:00 [INFO] [src\utils.rs:824] border is disabled for HWND(0x100660)
19:07:06 [INFO] [src\utils.rs:824] border is disabled for HWND(0x3067a)
19:07:09 [INFO] [src\utils.rs:824] border is disabled for HWND(0x4067e)
19:07:10 [INFO] [src\utils.rs:824] border is disabled for HWND(0x30224)
19:07:10 [INFO] [src\utils.rs:824] border is disabled for HWND(0x90252)
19:08:28 [INFO] [src\utils.rs:824] border is disabled for HWND(0x506f2)
19:08:31 [INFO] [src\utils.rs:824] border is disabled for HWND(0x20026a)
19:08:34 [INFO] [src\utils.rs:824] border is disabled for HWND(0x21026a)
19:12:05 [INFO] [src\utils.rs:824] border is disabled for HWND(0x1a0432)
19:12:08 [INFO] [src\utils.rs:824] border is disabled for HWND(0x1a0432)
19:12:21 [INFO] [src\utils.rs:824] border is disabled for HWND(0x1a0432)
19:12:30 [INFO] [src\utils.rs:824] border is disabled for HWND(0x1a0432)
19:12:34 [INFO] [src\utils.rs:824] border is disabled for HWND(0xf05a4)
19:13:49 [INFO] [src\utils.rs:824] border is disabled for HWND(0x1a0432)
19:14:14 [INFO] [src\utils.rs:824] border is disabled for HWND(0x30224)
19:14:14 [INFO] [src\utils.rs:824] border is disabled for HWND(0x90252)
19:15:34 [INFO] [src\utils.rs:824] border is disabled for HWND(0x30224)
19:15:34 [INFO] [src\utils.rs:824] border is disabled for HWND(0x90252)
19:16:17 [INFO] [src\utils.rs:824] border is disabled for HWND(0x1a0432)
19:17:22 [INFO] [src\utils.rs:824] border is disabled for HWND(0x130728)
19:17:28 [INFO] [src\utils.rs:824] border is disabled for HWND(0xf0294)
19:18:10 [INFO] [src\utils.rs:824] border is disabled for HWND(0x1a0432)
19:18:24 [INFO] [src\utils.rs:824] border is disabled for HWND(0x1a0432)
19:19:34 [INFO] [src\utils.rs:824] border is disabled for HWND(0x1a0432)
19:19:43 [INFO] [src\utils.rs:824] border is disabled for HWND(0x1a0432)
19:20:32 [INFO] [src\utils.rs:824] border is disabled for HWND(0x1a0432)
19:20:38 [INFO] [src\utils.rs:824] border is disabled for HWND(0x1a0432)
19:21:37 [INFO] [src\utils.rs:824] border is disabled for HWND(0x1a0432)
19:22:21 [INFO] [src\utils.rs:824] border is disabled for HWND(0x1a0432)
19:22:29 [ERROR] [src\utils.rs:73] could not set window position for HWND(0xf05e4): Access is denied. (0x80070005)
19:22:29 [ERROR] [src\utils.rs:73] could not set window position for HWND(0xf05e4): Access is denied. (0x80070005)
19:23:50 [INFO] [src\utils.rs:824] border is disabled for HWND(0x1a0432)
19:25:10 [INFO] [src\utils.rs:824] border is disabled for HWND(0x30224)
19:25:10 [INFO] [src\utils.rs:824] border is disabled for HWND(0x90252)
19:26:19 [INFO] [src\utils.rs:824] border is disabled for HWND(0x30224)
19:26:19 [INFO] [src\utils.rs:824] border is disabled for HWND(0x90252)
19:26:26 [INFO] [src\utils.rs:824] border is disabled for HWND(0x30224)
19:26:26 [INFO] [src\utils.rs:824] border is disabled for HWND(0x90252)
19:27:26 [INFO] [src\utils.rs:824] border is disabled for HWND(0x1a0432)
19:27:54 [INFO] [src\utils.rs:824] border is disabled for HWND(0x30224)
19:27:54 [INFO] [src\utils.rs:824] border is disabled for HWND(0x90252)
19:27:59 [INFO] [src\utils.rs:824] border is disabled for HWND(0x601c4)
19:28:26 [INFO] [src\utils.rs:824] border is disabled for HWND(0x30224)
19:28:26 [INFO] [src\utils.rs:824] border is disabled for HWND(0x90252)
19:28:37 [INFO] [src\utils.rs:824] border is disabled for HWND(0x30224)
19:28:37 [INFO] [src\utils.rs:824] border is disabled for HWND(0x90252)
13:51:44 [INFO] [src\main.rs:31] starting tacky-borders
13:51:46 [INFO] [src\utils.rs:824] border is disabled for HWND(0x201ba)
13:51:46 [INFO] [src\utils.rs:824] border is disabled for HWND(0x101c2)
13:51:57 [INFO] [src\utils.rs:824] border is disabled for HWND(0x201ba)
13:51:57 [INFO] [src\utils.rs:824] border is disabled for HWND(0x101c2)
13:52:55 [INFO] [src\utils.rs:824] border is disabled for HWND(0x1048a)
13:53:03 [INFO] [src\utils.rs:824] border is disabled for HWND(0x500c0)
13:53:06 [INFO] [src\utils.rs:824] border is disabled for HWND(0x3048a)
13:53:18 [INFO] [src\utils.rs:824] border is disabled for HWND(0x201ba)
13:53:18 [INFO] [src\utils.rs:824] border is disabled for HWND(0x101c2)
13:53:41 [INFO] [src\utils.rs:824] border is disabled for HWND(0x201ba)
13:53:41 [INFO] [src\utils.rs:824] border is disabled for HWND(0x101c2)
13:56:59 [INFO] [src\utils.rs:824] border is disabled for HWND(0x303ae)
13:57:04 [INFO] [src\utils.rs:824] border is disabled for HWND(0x3018a)
13:57:05 [INFO] [src\utils.rs:824] border is disabled for HWND(0x300fc)
13:57:17 [INFO] [src\utils.rs:824] border is disabled for HWND(0x901c6)
13:57:20 [INFO] [src\utils.rs:824] border is disabled for HWND(0xb035c)
13:57:24 [INFO] [src\utils.rs:824] border is disabled for HWND(0x401e6)
13:57:39 [INFO] [src\utils.rs:824] border is disabled for HWND(0x502e4)
13:58:58 [INFO] [src\utils.rs:824] border is disabled for HWND(0x502e4)
13:59:07 [INFO] [src\utils.rs:824] border is disabled for HWND(0x502e4)
13:59:33 [INFO] [src\utils.rs:824] border is disabled for HWND(0x502e4)
13:59:40 [INFO] [src\utils.rs:824] border is disabled for HWND(0x502e4)
14:01:56 [INFO] [src\utils.rs:824] border is disabled for HWND(0x20436)
14:02:15 [INFO] [src\utils.rs:824] border is disabled for HWND(0x80404)
14:06:58 [INFO] [src\utils.rs:824] border is disabled for HWND(0x90252)
14:07:02 [INFO] [src\utils.rs:824] border is disabled for HWND(0x80372)
14:07:13 [INFO] [src\utils.rs:824] border is disabled for HWND(0xa03fc)
14:07:30 [INFO] [src\utils.rs:824] border is disabled for HWND(0x402d0)
14:07:53 [INFO] [src\utils.rs:824] border is disabled for HWND(0x602f4)
14:08:36 [INFO] [src\utils.rs:824] border is disabled for HWND(0x40514)
14:10:10 [INFO] [src\main.rs:31] starting tacky-borders
14:10:19 [INFO] [src\utils.rs:824] border is disabled for HWND(0x101ac)
14:10:19 [INFO] [src\utils.rs:824] border is disabled for HWND(0x301b2)
14:15:35 [INFO] [src\utils.rs:824] border is disabled for HWND(0x101ac)
14:15:35 [INFO] [src\utils.rs:824] border is disabled for HWND(0x301b2)
14:15:41 [INFO] [src\utils.rs:824] border is disabled for HWND(0x101ac)
14:15:41 [INFO] [src\utils.rs:824] border is disabled for HWND(0x301b2)
14:15:49 [INFO] [src\utils.rs:824] border is disabled for HWND(0x20342)
14:16:15 [INFO] [src\utils.rs:824] border is disabled for HWND(0x30352)
14:16:35 [INFO] [src\utils.rs:824] border is disabled for HWND(0x101ac)
14:16:35 [INFO] [src\utils.rs:824] border is disabled for HWND(0x301b2)
14:18:17 [INFO] [src\utils.rs:824] border is disabled for HWND(0x101ac)
14:18:17 [INFO] [src\utils.rs:824] border is disabled for HWND(0x301b2)
14:18:22 [INFO] [src\utils.rs:824] border is disabled for HWND(0x101ac)
14:18:22 [INFO] [src\utils.rs:824] border is disabled for HWND(0x301b2)
14:18:40 [INFO] [src\utils.rs:824] border is disabled for HWND(0x101ac)
14:18:40 [INFO] [src\utils.rs:824] border is disabled for HWND(0x301b2)
14:18:45 [INFO] [src\utils.rs:824] border is disabled for HWND(0x101ac)
14:18:45 [INFO] [src\utils.rs:824] border is disabled for HWND(0x301b2)
14:18:57 [INFO] [src\utils.rs:824] border is disabled for HWND(0x303ee)
14:19:23 [INFO] [src\utils.rs:824] border is disabled for HWND(0x603b8)
14:19:24 [INFO] [src\utils.rs:824] border is disabled for HWND(0x4038a)
14:19:26 [INFO] [src\utils.rs:824] border is disabled for HWND(0x5038a)
14:19:27 [INFO] [src\utils.rs:824] border is disabled for HWND(0x6038a)
14:19:28 [INFO] [src\utils.rs:824] border is disabled for HWND(0x703b8)
14:19:59 [INFO] [src\utils.rs:824] border is disabled for HWND(0x30352)
14:21:11 [INFO] [src\utils.rs:824] border is disabled for HWND(0x30352)
14:21:12 [INFO] [src\utils.rs:824] border is disabled for HWND(0x101ac)
14:21:12 [INFO] [src\utils.rs:824] border is disabled for HWND(0x301b2)
14:21:58 [INFO] [src\utils.rs:824] border is disabled for HWND(0x40442)
14:21:59 [INFO] [src\utils.rs:824] border is disabled for HWND(0x90446)
14:22:01 [INFO] [src\utils.rs:824] border is disabled for HWND(0x1b0444)
14:22:04 [INFO] [src\utils.rs:824] border is disabled for HWND(0x30406)
14:22:05 [INFO] [src\utils.rs:824] border is disabled for HWND(0x2040a)
14:22:07 [INFO] [src\utils.rs:824] border is disabled for HWND(0x3040a)
14:22:08 [INFO] [src\utils.rs:824] border is disabled for HWND(0xf044a)
14:22:08 [INFO] [src\utils.rs:824] border is disabled for HWND(0x30404)
14:22:10 [INFO] [src\utils.rs:824] border is disabled for HWND(0x4040a)
14:22:11 [INFO] [src\utils.rs:824] border is disabled for HWND(0x40404)
14:22:12 [INFO] [src\utils.rs:824] border is disabled for HWND(0x10044a)
14:22:17 [INFO] [src\utils.rs:824] border is disabled for HWND(0x40406)
14:22:19 [INFO] [src\utils.rs:824] border is disabled for HWND(0x20438)
14:22:33 [INFO] [src\utils.rs:824] border is disabled for HWND(0x170446)
14:22:35 [INFO] [src\utils.rs:824] border is disabled for HWND(0x101ac)
14:22:35 [INFO] [src\utils.rs:824] border is disabled for HWND(0x301b2)
14:22:36 [INFO] [src\utils.rs:824] border is disabled for HWND(0x30352)
14:23:12 [INFO] [src\utils.rs:824] border is disabled for HWND(0x101ac)
14:23:12 [INFO] [src\utils.rs:824] border is disabled for HWND(0x301b2)
14:23:23 [INFO] [src\utils.rs:824] border is disabled for HWND(0x30352)
14:23:31 [INFO] [src\utils.rs:824] border is disabled for HWND(0x30352)
14:23:33 [INFO] [src\utils.rs:824] border is disabled for HWND(0x60408)
14:23:35 [INFO] [src\utils.rs:824] border is disabled for HWND(0x30352)
14:23:35 [INFO] [src\utils.rs:824] border is disabled for HWND(0x60408)
14:24:38 [INFO] [src\utils.rs:824] border is disabled for HWND(0x705ce)
14:26:22 [INFO] [src\utils.rs:824] border is disabled for HWND(0x30352)
14:29:52 [INFO] [src\utils.rs:824] border is disabled for HWND(0x101ac)
14:29:52 [INFO] [src\utils.rs:824] border is disabled for HWND(0x301b2)
14:31:12 [INFO] [src\utils.rs:824] border is disabled for HWND(0x101ac)
14:31:12 [INFO] [src\utils.rs:824] border is disabled for HWND(0x301b2)
14:31:20 [INFO] [src\utils.rs:824] border is disabled for HWND(0x30352)
14:31:51 [INFO] [src\utils.rs:824] border is disabled for HWND(0x3046e)
14:32:04 [INFO] [src\utils.rs:824] border is disabled for HWND(0x3046e)
14:33:22 [INFO] [src\utils.rs:824] border is disabled for HWND(0x101ac)
14:33:22 [INFO] [src\utils.rs:824] border is disabled for HWND(0x301b2)
14:33:44 [INFO] [src\utils.rs:824] border is disabled for HWND(0x101ac)
14:33:44 [INFO] [src\utils.rs:824] border is disabled for HWND(0x301b2)
14:33:56 [ERROR] [src\utils.rs:73] could not set window position for HWND(0xc04ee): Access is denied. (0x80070005)
14:33:57 [ERROR] [src\utils.rs:73] could not set window position for HWND(0x70654): Access is denied. (0x80070005)
14:33:57 [ERROR] [src\utils.rs:73] could not set window position for HWND(0x70654): Access is denied. (0x80070005)
14:34:45 [ERROR] [src\utils.rs:73] could not set window position for HWND(0x80340): Access is denied. (0x80070005)
14:34:46 [ERROR] [src\utils.rs:73] could not set window position for HWND(0x80340): Access is denied. (0x80070005)
14:38:06 [INFO] [src\utils.rs:824] border is disabled for HWND(0x100360)
14:38:12 [INFO] [src\utils.rs:824] border is disabled for HWND(0x601ea)
14:38:19 [INFO] [src\utils.rs:824] border is disabled for HWND(0x601ea)
14:38:29 [INFO] [src\utils.rs:824] border is disabled for HWND(0x601ea)
14:39:19 [INFO] [src\utils.rs:824] border is disabled for HWND(0x100360)
14:39:20 [INFO] [src\utils.rs:824] border is disabled for HWND(0x704b0)
14:39:20 [INFO] [src\utils.rs:824] border is disabled for HWND(0x70408)
14:39:28 [INFO] [src\utils.rs:824] border is disabled for HWND(0x10069a)
14:41:57 [INFO] [src\utils.rs:824] border is disabled for HWND(0x100360)
14:44:31 [INFO] [src\utils.rs:824] border is disabled for HWND(0x704b0)
14:44:31 [INFO] [src\utils.rs:824] border is disabled for HWND(0x70408)
14:45:50 [INFO] [src\utils.rs:824] border is disabled for HWND(0x601ea)
14:46:07 [INFO] [src\utils.rs:824] border is disabled for HWND(0x601ea)
14:48:54 [INFO] [src\utils.rs:824] border is disabled for HWND(0x100360)
14:49:52 [INFO] [src\utils.rs:824] border is disabled for HWND(0x100360)
14:50:14 [INFO] [src\utils.rs:824] border is disabled for HWND(0x100360)
14:50:17 [INFO] [src\utils.rs:824] border is disabled for HWND(0xa0100)
14:50:49 [INFO] [src\utils.rs:824] border is disabled for HWND(0xf04aa)
14:51:01 [INFO] [src\utils.rs:824] border is disabled for HWND(0x100360)
14:51:10 [INFO] [src\utils.rs:824] border is disabled for HWND(0x100360)
14:51:18 [INFO] [src\utils.rs:824] border is disabled for HWND(0x160828)
14:51:30 [INFO] [src\utils.rs:824] border is disabled for HWND(0x1603a2)
14:51:32 [INFO] [src\utils.rs:824] border is disabled for HWND(0x601ea)
14:51:35 [INFO] [src\utils.rs:824] border is disabled for HWND(0x601ea)
14:51:47 [INFO] [src\utils.rs:824] border is disabled for HWND(0x601ea)
14:51:57 [INFO] [src\utils.rs:824] border is disabled for HWND(0x13050a)
14:52:15 [INFO] [src\utils.rs:824] border is disabled for HWND(0x601ea)
14:52:32 [INFO] [src\utils.rs:824] border is disabled for HWND(0x704b0)
14:52:32 [INFO] [src\utils.rs:824] border is disabled for HWND(0x70408)
14:53:06 [INFO] [src\utils.rs:824] border is disabled for HWND(0x2203a2)
14:53:21 [INFO] [src\utils.rs:824] border is disabled for HWND(0x18046c)
14:53:40 [INFO] [src\utils.rs:824] border is disabled for HWND(0x601ea)
14:53:44 [INFO] [src\utils.rs:824] border is disabled for HWND(0x704b0)
14:53:44 [INFO] [src\utils.rs:824] border is disabled for HWND(0x70408)
14:53:58 [INFO] [src\utils.rs:824] border is disabled for HWND(0x704b0)
14:53:58 [INFO] [src\utils.rs:824] border is disabled for HWND(0x70408)
14:54:08 [INFO] [src\utils.rs:824] border is disabled for HWND(0x21046c)
14:54:22 [INFO] [src\utils.rs:824] border is disabled for HWND(0x1206ac)
14:54:32 [INFO] [src\utils.rs:824] border is disabled for HWND(0x704b0)
14:54:32 [INFO] [src\utils.rs:824] border is disabled for HWND(0x70408)
14:54:38 [INFO] [src\utils.rs:824] border is disabled for HWND(0x704b0)
14:54:38 [INFO] [src\utils.rs:824] border is disabled for HWND(0x70408)
14:54:48 [INFO] [src\utils.rs:824] border is disabled for HWND(0x100360)
14:55:04 [INFO] [src\utils.rs:824] border is disabled for HWND(0xc04a2)
14:55:51 [INFO] [src\utils.rs:824] border is disabled for HWND(0x100360)
14:57:26 [INFO] [src\utils.rs:824] border is disabled for HWND(0x601ea)
14:57:30 [INFO] [src\utils.rs:824] border is disabled for HWND(0x601ea)
14:57:35 [INFO] [src\utils.rs:824] border is disabled for HWND(0x704b0)
14:57:35 [INFO] [src\utils.rs:824] border is disabled for HWND(0x70408)
14:57:39 [INFO] [src\utils.rs:824] border is disabled for HWND(0x704b0)
14:57:39 [INFO] [src\utils.rs:824] border is disabled for HWND(0x70408)
14:57:41 [INFO] [src\utils.rs:824] border is disabled for HWND(0x601ea)
14:58:23 [INFO] [src\utils.rs:824] border is disabled for HWND(0x100360)
14:59:11 [INFO] [src\utils.rs:824] border is disabled for HWND(0x601ea)
14:59:15 [INFO] [src\utils.rs:824] border is disabled for HWND(0x1706d2)
14:59:16 [INFO] [src\utils.rs:824] border is disabled for HWND(0x1706d2)
14:59:17 [INFO] [src\utils.rs:824] border is disabled for HWND(0x1706d2)
14:59:19 [INFO] [src\utils.rs:824] border is disabled for HWND(0x1706d2)
14:59:21 [INFO] [src\utils.rs:824] border is disabled for HWND(0x601ea)
14:59:28 [INFO] [src\utils.rs:824] border is disabled for HWND(0x601ea)
14:59:31 [INFO] [src\utils.rs:824] border is disabled for HWND(0x601ea)
14:59:42 [INFO] [src\utils.rs:824] border is disabled for HWND(0x210390)
14:59:54 [INFO] [src\utils.rs:824] border is disabled for HWND(0x704b0)
14:59:54 [INFO] [src\utils.rs:824] border is disabled for HWND(0x70408)
15:00:17 [INFO] [src\utils.rs:824] border is disabled for HWND(0x601ea)
15:01:32 [INFO] [src\utils.rs:824] border is disabled for HWND(0x601ea)
15:02:46 [INFO] [src\utils.rs:824] border is disabled for HWND(0x601ea)
15:03:04 [INFO] [src\utils.rs:824] border is disabled for HWND(0x100360)
15:03:09 [INFO] [src\utils.rs:824] border is disabled for HWND(0x340828)
15:03:15 [INFO] [src\utils.rs:824] border is disabled for HWND(0x350828)
15:03:53 [INFO] [src\utils.rs:824] border is disabled for HWND(0x601ea)
15:04:38 [INFO] [src\utils.rs:824] border is disabled for HWND(0x601ea)
15:05:00 [INFO] [src\utils.rs:824] border is disabled for HWND(0x601ea)
15:05:28 [INFO] [src\utils.rs:824] border is disabled for HWND(0x100360)
15:06:09 [INFO] [src\utils.rs:824] border is disabled for HWND(0x601ea)
15:07:14 [INFO] [src\utils.rs:824] border is disabled for HWND(0x601ea)
15:07:17 [INFO] [src\utils.rs:824] border is disabled for HWND(0x601ea)
15:11:36 [INFO] [src\utils.rs:824] border is disabled for HWND(0x80246)
15:11:59 [INFO] [src\utils.rs:824] border is disabled for HWND(0xc0234)
15:12:10 [INFO] [src\utils.rs:824] border is disabled for HWND(0x80550)
15:12:10 [INFO] [src\utils.rs:824] border is disabled for HWND(0xc0510)
15:14:15 [INFO] [src\utils.rs:824] border is disabled for HWND(0x80550)
15:14:15 [INFO] [src\utils.rs:824] border is disabled for HWND(0xc0510)
15:14:23 [INFO] [src\utils.rs:824] border is disabled for HWND(0x80246)
15:15:29 [INFO] [src\utils.rs:824] border is disabled for HWND(0x80246)
15:15:31 [INFO] [src\utils.rs:824] border is disabled for HWND(0x80550)
15:15:31 [INFO] [src\utils.rs:824] border is disabled for HWND(0xc0510)
15:16:41 [INFO] [src\utils.rs:824] border is disabled for HWND(0x3804f2)
15:16:51 [INFO] [src\utils.rs:824] border is disabled for HWND(0x901be)
15:17:02 [INFO] [src\utils.rs:824] border is disabled for HWND(0x1d02e6)
15:17:04 [INFO] [src\utils.rs:824] border is disabled for HWND(0xb01be)
15:17:12 [INFO] [src\utils.rs:824] border is disabled for HWND(0xd01be)
15:17:28 [INFO] [src\utils.rs:824] border is disabled for HWND(0x2002e6)
15:20:30 [ERROR] [src\utils.rs:73] could not set window position for HWND(0x4072e): Access is denied. (0x80070005)
15:20:30 [ERROR] [src\utils.rs:73] could not set window position for HWND(0x4072e): Access is denied. (0x80070005)
15:20:31 [ERROR] [src\utils.rs:73] could not set window position for HWND(0x210496): Access is denied. (0x80070005)
15:20:38 [ERROR] [src\utils.rs:73] could not set window position for HWND(0x22003e): Access is denied. (0x80070005)
15:20:38 [ERROR] [src\utils.rs:73] could not set window position for HWND(0x22003e): Access is denied. (0x80070005)
15:21:11 [INFO] [src\utils.rs:824] border is disabled for HWND(0xa06a0)
15:21:22 [INFO] [src\utils.rs:824] border is disabled for HWND(0xa06a0)
15:21:28 [INFO] [src\utils.rs:824] border is disabled for HWND(0x503d2)
15:21:28 [INFO] [src\utils.rs:824] border is disabled for HWND(0x7024a)
15:23:48 [INFO] [src\utils.rs:824] border is disabled for HWND(0x3704ca)
15:26:59 [INFO] [src\utils.rs:824] border is disabled for HWND(0xd03dc)
15:27:07 [INFO] [src\utils.rs:824] border is disabled for HWND(0xa03d6)
15:27:14 [INFO] [src\utils.rs:824] border is disabled for HWND(0x100234)
15:27:14 [INFO] [src\utils.rs:824] border is disabled for HWND(0x80706)
15:29:05 [INFO] [src\utils.rs:824] border is disabled for HWND(0x2a0202)
15:29:40 [INFO] [src\utils.rs:824] border is disabled for HWND(0x2a0202)
15:30:00 [INFO] [src\utils.rs:824] border is disabled for HWND(0x903c8)
15:31:15 [INFO] [src\utils.rs:824] border is disabled for HWND(0xc03c2)
15:31:34 [INFO] [src\utils.rs:824] border is disabled for HWND(0x170546)
15:31:37 [INFO] [src\utils.rs:824] border is disabled for HWND(0x170546)
15:31:39 [INFO] [src\utils.rs:824] border is disabled for HWND(0x170546)
15:31:43 [INFO] [src\utils.rs:824] border is disabled for HWND(0x170546)
15:31:45 [INFO] [src\utils.rs:824] border is disabled for HWND(0x170546)
15:31:47 [INFO] [src\utils.rs:824] border is disabled for HWND(0x170546)
15:31:49 [INFO] [src\utils.rs:824] border is disabled for HWND(0x170546)
15:31:58 [ERROR] [src\utils.rs:73] could not set window position for HWND(0xe0230): Access is denied. (0x80070005)
15:32:09 [INFO] [src\utils.rs:824] border is disabled for HWND(0x170546)
15:32:11 [INFO] [src\utils.rs:824] border is disabled for HWND(0x170546)
15:33:45 [INFO] [src\utils.rs:824] border is disabled for HWND(0x220332)
15:33:45 [INFO] [src\utils.rs:824] border is disabled for HWND(0x190348)
15:34:09 [INFO] [src\utils.rs:824] border is disabled for HWND(0xa071e)
15:34:22 [INFO] [src\utils.rs:824] border is disabled for HWND(0x220332)
15:34:22 [INFO] [src\utils.rs:824] border is disabled for HWND(0x190348)
15:34:25 [INFO] [src\utils.rs:824] border is disabled for HWND(0x220332)
15:34:25 [INFO] [src\utils.rs:824] border is disabled for HWND(0x190348)
15:34:26 [INFO] [src\utils.rs:824] border is disabled for HWND(0x220332)
15:34:26 [INFO] [src\utils.rs:824] border is disabled for HWND(0x190348)
15:34:36 [INFO] [src\utils.rs:824] border is disabled for HWND(0xb061a)
15:34:48 [INFO] [src\utils.rs:824] border is disabled for HWND(0x170546)
15:36:00 [INFO] [src\utils.rs:824] border is disabled for HWND(0x170546)
15:36:03 [INFO] [src\utils.rs:824] border is disabled for HWND(0x170546)
15:36:46 [INFO] [src\utils.rs:824] border is disabled for HWND(0x170546)
15:36:50 [INFO] [src\utils.rs:824] border is disabled for HWND(0x220332)
15:36:50 [INFO] [src\utils.rs:824] border is disabled for HWND(0x190348)
15:37:22 [INFO] [src\utils.rs:824] border is disabled for HWND(0x170546)
15:37:41 [INFO] [src\utils.rs:824] border is disabled for HWND(0x220332)
15:37:41 [INFO] [src\utils.rs:824] border is disabled for HWND(0x190348)
15:38:05 [INFO] [src\utils.rs:824] border is disabled for HWND(0x220332)
15:38:05 [INFO] [src\utils.rs:824] border is disabled for HWND(0x190348)
15:38:18 [INFO] [src\utils.rs:824] border is disabled for HWND(0x170546)
15:38:20 [INFO] [src\utils.rs:824] border is disabled for HWND(0x170546)
15:38:22 [INFO] [src\utils.rs:824] border is disabled for HWND(0x170546)
15:38:22 [INFO] [src\utils.rs:824] border is disabled for HWND(0x220332)
15:38:22 [INFO] [src\utils.rs:824] border is disabled for HWND(0x190348)
15:39:03 [INFO] [src\utils.rs:824] border is disabled for HWND(0x220332)
15:39:03 [INFO] [src\utils.rs:824] border is disabled for HWND(0x190348)
15:39:55 [INFO] [src\utils.rs:824] border is disabled for HWND(0x170546)
15:41:21 [INFO] [src\utils.rs:824] border is disabled for HWND(0x170546)
15:41:50 [INFO] [src\utils.rs:824] border is disabled for HWND(0x170546)
15:42:15 [INFO] [src\utils.rs:824] border is disabled for HWND(0x170546)
15:42:15 [INFO] [src\utils.rs:824] border is disabled for HWND(0x220332)
15:42:15 [INFO] [src\utils.rs:824] border is disabled for HWND(0x190348)
15:42:40 [INFO] [src\utils.rs:824] border is disabled for HWND(0x220332)
15:42:40 [INFO] [src\utils.rs:824] border is disabled for HWND(0x190348)
15:43:55 [INFO] [src\utils.rs:824] border is disabled for HWND(0x220332)
15:43:55 [INFO] [src\utils.rs:824] border is disabled for HWND(0x190348)
15:43:56 [INFO] [src\utils.rs:824] border is disabled for HWND(0x190348)
15:43:57 [INFO] [src\utils.rs:824] border is disabled for HWND(0x220332)
15:43:57 [INFO] [src\utils.rs:824] border is disabled for HWND(0x190348)
15:44:03 [INFO] [src\utils.rs:824] border is disabled for HWND(0x220332)
15:44:03 [INFO] [src\utils.rs:824] border is disabled for HWND(0x190348)
15:45:45 [INFO] [src\utils.rs:824] border is disabled for HWND(0x220332)
15:45:45 [INFO] [src\utils.rs:824] border is disabled for HWND(0x190348)
15:45:46 [INFO] [src\utils.rs:824] border is disabled for HWND(0x220332)
15:45:46 [INFO] [src\utils.rs:824] border is disabled for HWND(0x190348)
15:45:49 [INFO] [src\utils.rs:824] border is disabled for HWND(0x220332)
15:45:49 [INFO] [src\utils.rs:824] border is disabled for HWND(0x190348)
15:46:17 [INFO] [src\utils.rs:824] border is disabled for HWND(0x220332)
15:46:17 [INFO] [src\utils.rs:824] border is disabled for HWND(0x190348)
15:46:18 [INFO] [src\utils.rs:824] border is disabled for HWND(0x220332)
15:46:31 [INFO] [src\utils.rs:824] border is disabled for HWND(0x220332)
15:46:31 [INFO] [src\utils.rs:824] border is disabled for HWND(0x190348)
15:46:31 [INFO] [src\utils.rs:824] border is disabled for HWND(0x220332)
15:48:17 [INFO] [src\utils.rs:824] border is disabled for HWND(0x170546)
15:48:19 [INFO] [src\utils.rs:824] border is disabled for HWND(0x170546)
15:48:29 [INFO] [src\utils.rs:824] border is disabled for HWND(0x170546)
15:48:42 [INFO] [src\utils.rs:824] border is disabled for HWND(0x170546)
15:48:51 [INFO] [src\utils.rs:824] border is disabled for HWND(0x170546)
15:49:00 [INFO] [src\utils.rs:824] border is disabled for HWND(0x170546)
15:50:27 [INFO] [src\utils.rs:824] border is disabled for HWND(0x1406e4)
15:50:33 [INFO] [src\utils.rs:824] border is disabled for HWND(0x16005d2)
15:52:54 [INFO] [src\utils.rs:824] border is disabled for HWND(0x170546)
15:52:55 [INFO] [src\utils.rs:824] border is disabled for HWND(0x220332)
15:52:55 [INFO] [src\utils.rs:824] border is disabled for HWND(0x190348)
15:52:58 [INFO] [src\utils.rs:824] border is disabled for HWND(0x220332)
15:52:58 [INFO] [src\utils.rs:824] border is disabled for HWND(0x190348)
15:53:07 [INFO] [src\utils.rs:824] border is disabled for HWND(0x220332)
15:53:07 [INFO] [src\utils.rs:824] border is disabled for HWND(0x190348)
15:53:11 [INFO] [src\utils.rs:824] border is disabled for HWND(0xf00a6)
15:53:14 [INFO] [src\utils.rs:824] border is disabled for HWND(0x220332)
15:53:14 [INFO] [src\utils.rs:824] border is disabled for HWND(0x190348)
15:54:44 [INFO] [src\utils.rs:824] border is disabled for HWND(0x207c2)
15:55:02 [INFO] [src\utils.rs:824] border is disabled for HWND(0x700d2)
15:55:03 [INFO] [src\utils.rs:824] border is disabled for HWND(0x800d2)
15:56:17 [INFO] [src\utils.rs:824] border is disabled for HWND(0x5078e)
15:58:41 [INFO] [src\utils.rs:824] border is disabled for HWND(0xd04fc)
15:58:52 [INFO] [src\utils.rs:824] border is disabled for HWND(0x220332)
15:58:52 [INFO] [src\utils.rs:824] border is disabled for HWND(0x190348)
16:03:05 [INFO] [src\utils.rs:824] border is disabled for HWND(0x220332)
16:03:05 [INFO] [src\utils.rs:824] border is disabled for HWND(0x190348)
16:03:07 [INFO] [src\utils.rs:824] border is disabled for HWND(0x220332)
16:03:07 [INFO] [src\utils.rs:824] border is disabled for HWND(0x190348)
16:03:17 [INFO] [src\utils.rs:824] border is disabled for HWND(0x170546)
16:03:29 [INFO] [src\utils.rs:824] border is disabled for HWND(0x220332)
16:03:29 [INFO] [src\utils.rs:824] border is disabled for HWND(0x190348)
16:03:33 [INFO] [src\utils.rs:824] border is disabled for HWND(0x170546)
16:05:05 [INFO] [src\utils.rs:824] border is disabled for HWND(0x220332)
16:05:05 [INFO] [src\utils.rs:824] border is disabled for HWND(0x190348)
16:09:49 [INFO] [src\utils.rs:824] border is disabled for HWND(0x170546)
16:11:35 [INFO] [src\utils.rs:824] border is disabled for HWND(0x170546)
16:11:36 [INFO] [src\utils.rs:824] border is disabled for HWND(0x220332)
16:11:36 [INFO] [src\utils.rs:824] border is disabled for HWND(0x190348)
16:11:57 [INFO] [src\utils.rs:824] border is disabled for HWND(0x220332)
16:11:57 [INFO] [src\utils.rs:824] border is disabled for HWND(0x190348)
16:12:07 [INFO] [src\utils.rs:824] border is disabled for HWND(0x220332)
16:12:07 [INFO] [src\utils.rs:824] border is disabled for HWND(0x190348)
16:12:25 [INFO] [src\utils.rs:824] border is disabled for HWND(0x220332)
16:12:25 [INFO] [src\utils.rs:824] border is disabled for HWND(0x190348)
16:17:31 [INFO] [src\utils.rs:824] border is disabled for HWND(0x170546)
16:18:44 [INFO] [src\utils.rs:824] border is disabled for HWND(0x170546)
16:22:31 [INFO] [src\utils.rs:824] border is disabled for HWND(0x170546)
16:23:32 [INFO] [src\utils.rs:824] border is disabled for HWND(0x170546)
16:24:02 [INFO] [src\utils.rs:824] border is disabled for HWND(0x170546)
16:24:22 [INFO] [src\utils.rs:824] border is disabled for HWND(0x220332)
16:24:22 [INFO] [src\utils.rs:824] border is disabled for HWND(0x190348)
16:34:34 [INFO] [src\utils.rs:824] border is disabled for HWND(0x170546)
16:41:03 [INFO] [src\utils.rs:824] border is disabled for HWND(0x170546)
16:41:30 [INFO] [src\utils.rs:824] border is disabled for HWND(0x170546)
16:42:21 [INFO] [src\utils.rs:824] border is disabled for HWND(0x220332)
16:42:21 [INFO] [src\utils.rs:824] border is disabled for HWND(0x190348)
16:42:24 [INFO] [src\utils.rs:824] border is disabled for HWND(0x170546)
16:42:38 [INFO] [src\utils.rs:824] border is disabled for HWND(0x220332)
16:42:38 [INFO] [src\utils.rs:824] border is disabled for HWND(0x190348)
16:42:44 [INFO] [src\utils.rs:824] border is disabled for HWND(0x170546)
16:43:06 [INFO] [src\utils.rs:824] border is disabled for HWND(0x220332)
16:43:06 [INFO] [src\utils.rs:824] border is disabled for HWND(0x190348)
16:43:17 [INFO] [src\utils.rs:824] border is disabled for HWND(0x220332)
16:43:17 [INFO] [src\utils.rs:824] border is disabled for HWND(0x190348)
16:43:32 [INFO] [src\utils.rs:824] border is disabled for HWND(0x220332)
16:43:32 [INFO] [src\utils.rs:824] border is disabled for HWND(0x190348)
16:45:02 [INFO] [src\utils.rs:824] border is disabled for HWND(0x170546)
16:45:09 [INFO] [src\utils.rs:824] border is disabled for HWND(0x170546)
16:47:06 [INFO] [src\utils.rs:824] border is disabled for HWND(0x170546)
16:48:18 [INFO] [src\utils.rs:824] border is disabled for HWND(0x170546)
16:50:31 [INFO] [src\utils.rs:824] border is disabled for HWND(0x170546)
16:54:29 [INFO] [src\utils.rs:824] border is disabled for HWND(0x21053c)
16:54:53 [INFO] [src\utils.rs:824] border is disabled for HWND(0x170546)
16:56:28 [INFO] [src\utils.rs:824] border is disabled for HWND(0x220332)
16:56:28 [INFO] [src\utils.rs:824] border is disabled for HWND(0x190348)
16:58:27 [INFO] [src\utils.rs:824] border is disabled for HWND(0x170546)
17:02:18 [INFO] [src\utils.rs:824] border is disabled for HWND(0x170546)
17:06:13 [INFO] [src\utils.rs:824] border is disabled for HWND(0x660276)
17:08:27 [INFO] [src\utils.rs:824] border is disabled for HWND(0x1a0526)
17:10:43 [INFO] [src\utils.rs:824] border is disabled for HWND(0x170546)
17:10:56 [INFO] [src\utils.rs:824] border is disabled for HWND(0x1a0526)
17:11:19 [INFO] [src\utils.rs:824] border is disabled for HWND(0x220332)
17:11:19 [INFO] [src\utils.rs:824] border is disabled for HWND(0x190348)
17:11:22 [INFO] [src\utils.rs:824] border is disabled for HWND(0x220332)
17:11:22 [INFO] [src\utils.rs:824] border is disabled for HWND(0x190348)
17:14:45 [INFO] [src\utils.rs:824] border is disabled for HWND(0x170546)
17:16:02 [INFO] [src\utils.rs:824] border is disabled for HWND(0xf0744)
17:16:24 [INFO] [src\utils.rs:824] border is disabled for HWND(0x220332)
17:16:24 [INFO] [src\utils.rs:824] border is disabled for HWND(0x190348)
17:20:43 [INFO] [src\utils.rs:824] border is disabled for HWND(0x170546)
17:21:29 [INFO] [src\utils.rs:824] border is disabled for HWND(0x170546)
17:21:36 [INFO] [src\utils.rs:824] border is disabled for HWND(0x170546)
17:21:52 [INFO] [src\utils.rs:824] border is disabled for HWND(0x170546)
17:22:00 [INFO] [src\utils.rs:824] border is disabled for HWND(0x170546)
17:30:21 [INFO] [src\utils.rs:824] border is disabled for HWND(0x11058a)
17:30:23 [INFO] [src\utils.rs:824] border is disabled for HWND(0x220332)
17:30:23 [INFO] [src\utils.rs:824] border is disabled for HWND(0x190348)
17:30:28 [INFO] [src\utils.rs:824] border is disabled for HWND(0x2606e2)
17:36:39 [ERROR] [src\utils.rs:73] could not set window position for HWND(0x6101f0): Access is denied. (0x80070005)
17:36:40 [ERROR] [src\utils.rs:73] could not set window position for HWND(0x6101f0): Access is denied. (0x80070005)
17:41:36 [INFO] [src\utils.rs:824] border is disabled for HWND(0x170546)
17:41:37 [INFO] [src\utils.rs:824] border is disabled for HWND(0x170546)
17:47:43 [INFO] [src\utils.rs:824] border is disabled for HWND(0x220332)
17:47:43 [INFO] [src\utils.rs:824] border is disabled for HWND(0x190348)
17:55:39 [INFO] [src\utils.rs:824] border is disabled for HWND(0x170546)
17:57:16 [INFO] [src\utils.rs:824] border is disabled for HWND(0x170546)
17:57:46 [INFO] [src\utils.rs:824] border is disabled for HWND(0x120164)
18:13:19 [INFO] [src\utils.rs:824] border is disabled for HWND(0x170546)
18:14:29 [INFO] [src\utils.rs:824] border is disabled for HWND(0x170546)
18:38:08 [INFO] [src\utils.rs:824] border is disabled for HWND(0x40055e)
18:38:19 [INFO] [src\utils.rs:824] border is disabled for HWND(0xc0280)
18:42:52 [INFO] [src\utils.rs:824] border is disabled for HWND(0x170546)
18:42:53 [INFO] [src\utils.rs:824] border is disabled for HWND(0x220332)
18:42:53 [INFO] [src\utils.rs:824] border is disabled for HWND(0x190348)
18:44:57 [INFO] [src\utils.rs:824] border is disabled for HWND(0x170546)
18:48:37 [INFO] [src\utils.rs:824] border is disabled for HWND(0x170546)
19:01:04 [INFO] [src\utils.rs:824] border is disabled for HWND(0x170546)
19:05:19 [INFO] [src\utils.rs:824] border is disabled for HWND(0x170546)
19:12:35 [INFO] [src\utils.rs:824] border is disabled for HWND(0x220332)
19:12:35 [INFO] [src\utils.rs:824] border is disabled for HWND(0x190348)
19:21:58 [INFO] [src\utils.rs:824] border is disabled for HWND(0x170546)
19:23:04 [INFO] [src\utils.rs:824] border is disabled for HWND(0x220332)
19:23:04 [INFO] [src\utils.rs:824] border is disabled for HWND(0x190348)
19:24:14 [INFO] [src\utils.rs:824] border is disabled for HWND(0x170546)
19:29:50 [INFO] [src\utils.rs:824] border is disabled for HWND(0x170546)
19:30:36 [INFO] [src\utils.rs:824] border is disabled for HWND(0x220332)
19:30:36 [INFO] [src\utils.rs:824] border is disabled for HWND(0x190348)
19:33:35 [INFO] [src\utils.rs:824] border is disabled for HWND(0x220332)
19:33:35 [INFO] [src\utils.rs:824] border is disabled for HWND(0x190348)
19:36:52 [INFO] [src\utils.rs:824] border is disabled for HWND(0x220332)
19:36:52 [INFO] [src\utils.rs:824] border is disabled for HWND(0x190348)
19:37:02 [INFO] [src\utils.rs:824] border is disabled for HWND(0x170546)
19:37:10 [INFO] [src\utils.rs:824] border is disabled for HWND(0x220332)
19:37:10 [INFO] [src\utils.rs:824] border is disabled for HWND(0x190348)
19:38:26 [INFO] [src\utils.rs:824] border is disabled for HWND(0x220332)
19:38:26 [INFO] [src\utils.rs:824] border is disabled for HWND(0x190348)
19:38:28 [INFO] [src\utils.rs:824] border is disabled for HWND(0x220332)
19:38:28 [INFO] [src\utils.rs:824] border is disabled for HWND(0x190348)
19:39:58 [INFO] [src\utils.rs:824] border is disabled for HWND(0x220332)
19:39:58 [INFO] [src\utils.rs:824] border is disabled for HWND(0x190348)
19:40:37 [INFO] [src\utils.rs:824] border is disabled for HWND(0x220332)
19:40:37 [INFO] [src\utils.rs:824] border is disabled for HWND(0x190348)
19:41:10 [INFO] [src\utils.rs:824] border is disabled for HWND(0x170546)
19:41:24 [INFO] [src\utils.rs:824] border is disabled for HWND(0x170546)
19:41:28 [INFO] [src\utils.rs:824] border is disabled for HWND(0x170546)
19:41:59 [INFO] [src\utils.rs:824] border is disabled for HWND(0x170546)
19:42:22 [INFO] [src\utils.rs:824] border is disabled for HWND(0x170546)
19:43:31 [INFO] [src\utils.rs:824] border is disabled for HWND(0x170546)
19:43:43 [INFO] [src\utils.rs:824] border is disabled for HWND(0x170546)
19:43:44 [INFO] [src\utils.rs:824] border is disabled for HWND(0x170546)
19:44:29 [INFO] [src\utils.rs:824] border is disabled for HWND(0x1405c0)
19:44:59 [INFO] [src\utils.rs:824] border is disabled for HWND(0x9303f4)
19:45:07 [INFO] [src\utils.rs:824] border is disabled for HWND(0x270356)
19:45:07 [INFO] [src\utils.rs:824] border is disabled for HWND(0x1405c0)
19:45:20 [INFO] [src\utils.rs:824] border is disabled for HWND(0x2d02ae)
19:45:37 [INFO] [src\utils.rs:824] border is disabled for HWND(0x270356)
19:45:37 [INFO] [src\utils.rs:824] border is disabled for HWND(0x1405c0)
19:45:39 [INFO] [src\utils.rs:824] border is disabled for HWND(0x270356)
19:45:39 [INFO] [src\utils.rs:824] border is disabled for HWND(0x1405c0)
19:46:11 [INFO] [src\utils.rs:824] border is disabled for HWND(0x270356)
19:46:11 [INFO] [src\utils.rs:824] border is disabled for HWND(0x1405c0)
19:46:12 [INFO] [src\utils.rs:824] border is disabled for HWND(0x270356)
19:46:12 [INFO] [src\utils.rs:824] border is disabled for HWND(0x1405c0)
19:46:13 [INFO] [src\utils.rs:824] border is disabled for HWND(0x270356)
19:46:13 [INFO] [src\utils.rs:824] border is disabled for HWND(0x1405c0)
19:51:20 [INFO] [src\utils.rs:824] border is disabled for HWND(0x2d02ae)
19:52:31 [INFO] [src\utils.rs:824] border is disabled for HWND(0x270356)
19:52:31 [INFO] [src\utils.rs:824] border is disabled for HWND(0x1405c0)
19:52:34 [INFO] [src\utils.rs:824] border is disabled for HWND(0x270356)
19:52:34 [INFO] [src\utils.rs:824] border is disabled for HWND(0x1405c0)
19:54:23 [INFO] [src\utils.rs:824] border is disabled for HWND(0x2d02ae)
19:55:10 [INFO] [src\utils.rs:824] border is disabled for HWND(0x270356)
19:55:10 [INFO] [src\utils.rs:824] border is disabled for HWND(0x1405c0)
19:55:12 [INFO] [src\utils.rs:824] border is disabled for HWND(0x270356)
19:55:12 [INFO] [src\utils.rs:824] border is disabled for HWND(0x1405c0)
19:57:43 [INFO] [src\utils.rs:824] border is disabled for HWND(0x270356)
19:57:43 [INFO] [src\utils.rs:824] border is disabled for HWND(0x1405c0)
20:01:31 [INFO] [src\utils.rs:824] border is disabled for HWND(0x2d02ae)
20:02:25 [INFO] [src\utils.rs:824] border is disabled for HWND(0x270356)
20:02:25 [INFO] [src\utils.rs:824] border is disabled for HWND(0x1405c0)
20:04:10 [INFO] [src\utils.rs:824] border is disabled for HWND(0x270356)
20:04:10 [INFO] [src\utils.rs:824] border is disabled for HWND(0x1405c0)
20:08:32 [INFO] [src\utils.rs:824] border is disabled for HWND(0x270356)
20:08:32 [INFO] [src\utils.rs:824] border is disabled for HWND(0x1405c0)
23:51:48 [INFO] [src\main.rs:31] starting tacky-borders
23:51:51 [ERROR] [src\utils.rs:73] could not set window position for HWND(0x703f0): Access is denied. (0x80070005)
23:51:51 [ERROR] [src\utils.rs:73] could not set window position for HWND(0x703f0): Access is denied. (0x80070005)
23:52:17 [INFO] [src\utils.rs:824] border is disabled for HWND(0x101b4)
23:52:17 [INFO] [src\utils.rs:824] border is disabled for HWND(0x20132)
23:55:36 [INFO] [src\utils.rs:824] border is disabled for HWND(0x801ce)
23:56:06 [INFO] [src\utils.rs:824] border is disabled for HWND(0x101b4)
23:56:06 [INFO] [src\utils.rs:824] border is disabled for HWND(0x20132)
23:58:53 [INFO] [src\utils.rs:824] border is disabled for HWND(0x101b4)
23:58:53 [INFO] [src\utils.rs:824] border is disabled for HWND(0x20132)
23:59:38 [INFO] [src\utils.rs:824] border is disabled for HWND(0x801ce)
00:08:52 [INFO] [src\utils.rs:824] border is disabled for HWND(0x101b4)
00:08:52 [INFO] [src\utils.rs:824] border is disabled for HWND(0x20132)
00:10:12 [INFO] [src\utils.rs:824] border is disabled for HWND(0x101b4)
00:10:12 [INFO] [src\utils.rs:824] border is disabled for HWND(0x20132)
00:11:24 [INFO] [src\utils.rs:824] border is disabled for HWND(0x101b4)
00:11:24 [INFO] [src\utils.rs:824] border is disabled for HWND(0x20132)
00:13:08 [ERROR] [src\utils.rs:73] could not get window rect for HWND(0x805e2): The handle is invalid. (0x80070006)
00:13:23 [ERROR] [src\utils.rs:73] could not set window position for HWND(0x605c8): Access is denied. (0x80070005)
00:13:24 [ERROR] [src\utils.rs:73] could not set window position for HWND(0xf05bc): Access is denied. (0x80070005)
00:13:24 [ERROR] [src\utils.rs:73] could not set window position for HWND(0xf05bc): Access is denied. (0x80070005)
00:13:26 [ERROR] [src\utils.rs:73] could not set window position for HWND(0x904ae): Access is denied. (0x80070005)
00:13:26 [ERROR] [src\utils.rs:73] could not set window position for HWND(0x904ae): Access is denied. (0x80070005)
00:13:42 [ERROR] [src\utils.rs:73] could not set window position for HWND(0x40642): Access is denied. (0x80070005)
00:13:42 [ERROR] [src\utils.rs:73] could not set window position for HWND(0x40642): Access is denied. (0x80070005)
00:13:52 [ERROR] [src\utils.rs:73] could not set window position for HWND(0xa00b4): Access is denied. (0x80070005)
00:13:52 [ERROR] [src\utils.rs:73] could not set window position for HWND(0xa00b4): Access is denied. (0x80070005)
00:14:13 [ERROR] [src\utils.rs:73] could not set window position for HWND(0x80492): Access is denied. (0x80070005)
00:14:13 [ERROR] [src\utils.rs:73] could not set window position for HWND(0x80492): Access is denied. (0x80070005)
00:14:21 [ERROR] [src\utils.rs:73] could not set window position for HWND(0x50560): Access is denied. (0x80070005)
00:14:21 [ERROR] [src\utils.rs:73] could not set window position for HWND(0x50560): Access is denied. (0x80070005)
00:14:27 [ERROR] [src\utils.rs:73] could not set window position for HWND(0x3a0660): Access is denied. (0x80070005)
00:14:27 [ERROR] [src\utils.rs:73] could not set window position for HWND(0x3a0660): Access is denied. (0x80070005)
00:14:33 [ERROR] [src\utils.rs:73] could not set window position for HWND(0x3b0660): Access is denied. (0x80070005)
00:14:33 [ERROR] [src\utils.rs:73] could not set window position for HWND(0x3b0660): Access is denied. (0x80070005)
00:14:45 [ERROR] [src\utils.rs:73] could not set window position for HWND(0x3c0660): Access is denied. (0x80070005)
00:14:45 [ERROR] [src\utils.rs:73] could not set window position for HWND(0x3c0660): Access is denied. (0x80070005)
00:14:49 [ERROR] [src\utils.rs:73] could not set window position for HWND(0xc05b4): Access is denied. (0x80070005)
00:14:49 [ERROR] [src\utils.rs:73] could not set window position for HWND(0xc05b4): Access is denied. (0x80070005)
00:15:00 [ERROR] [src\utils.rs:73] could not set window position for HWND(0xd05b4): Access is denied. (0x80070005)
00:15:00 [ERROR] [src\utils.rs:73] could not set window position for HWND(0xd05b4): Access is denied. (0x80070005)
00:15:10 [ERROR] [src\utils.rs:73] could not set window position for HWND(0xe05b4): Access is denied. (0x80070005)
00:15:10 [ERROR] [src\utils.rs:73] could not set window position for HWND(0xe05b4): Access is denied. (0x80070005)
00:15:15 [ERROR] [src\utils.rs:73] could not set window position for HWND(0xf05b4): Access is denied. (0x80070005)
00:15:15 [ERROR] [src\utils.rs:73] could not set window position for HWND(0xf05b4): Access is denied. (0x80070005)
00:15:18 [ERROR] [src\utils.rs:73] could not set window position for HWND(0x40614): Access is denied. (0x80070005)
00:15:18 [ERROR] [src\utils.rs:73] could not set window position for HWND(0x40614): Access is denied. (0x80070005)
00:15:24 [ERROR] [src\utils.rs:73] could not set window position for HWND(0x3046e): Access is denied. (0x80070005)
00:15:24 [ERROR] [src\utils.rs:73] could not set window position for HWND(0x3046e): Access is denied. (0x80070005)
00:15:29 [ERROR] [src\utils.rs:73] could not set window position for HWND(0x4046e): Access is denied. (0x80070005)
00:15:29 [ERROR] [src\utils.rs:73] could not set window position for HWND(0x4046e): Access is denied. (0x80070005)
00:15:33 [ERROR] [src\utils.rs:73] could not set window position for HWND(0x5046e): Access is denied. (0x80070005)
00:15:33 [ERROR] [src\utils.rs:73] could not set window position for HWND(0x5046e): Access is denied. (0x80070005)
00:15:37 [ERROR] [src\utils.rs:73] could not set window position for HWND(0x6046e): Access is denied. (0x80070005)
00:15:37 [ERROR] [src\utils.rs:73] could not set window position for HWND(0x6046e): Access is denied. (0x80070005)
00:15:42 [ERROR] [src\utils.rs:73] could not set window position for HWND(0x7046e): Access is denied. (0x80070005)
00:15:42 [ERROR] [src\utils.rs:73] could not set window position for HWND(0x7046e): Access is denied. (0x80070005)
00:15:45 [ERROR] [src\utils.rs:73] could not set window position for HWND(0x8046e): Access is denied. (0x80070005)
00:15:45 [ERROR] [src\utils.rs:73] could not set window position for HWND(0x8046e): Access is denied. (0x80070005)
00:15:48 [ERROR] [src\utils.rs:73] could not set window position for HWND(0xa0494): Access is denied. (0x80070005)
00:15:48 [ERROR] [src\utils.rs:73] could not set window position for HWND(0xa0494): Access is denied. (0x80070005)
00:15:58 [ERROR] [src\utils.rs:73] could not set window position for HWND(0x1904cc): Access is denied. (0x80070005)
00:15:58 [ERROR] [src\utils.rs:73] could not set window position for HWND(0x1904cc): Access is denied. (0x80070005)
00:16:00 [ERROR] [src\utils.rs:73] could not set window position for HWND(0x3a00a6): Access is denied. (0x80070005)
00:16:00 [ERROR] [src\utils.rs:73] could not set window position for HWND(0x3a00a6): Access is denied. (0x80070005)
00:22:39 [INFO] [src\utils.rs:824] border is disabled for HWND(0x801ce)
00:23:36 [INFO] [src\utils.rs:824] border is disabled for HWND(0x101b4)
00:23:36 [INFO] [src\utils.rs:824] border is disabled for HWND(0x20132)
00:24:06 [INFO] [src\utils.rs:824] border is disabled for HWND(0x101b4)
00:24:06 [INFO] [src\utils.rs:824] border is disabled for HWND(0x20132)
00:27:28 [ERROR] [src\utils.rs:73] could not set window position for HWND(0xb01f6): Access is denied. (0x80070005)
00:27:28 [ERROR] [src\utils.rs:73] could not set window position for HWND(0xb01f6): Access is denied. (0x80070005)
00:28:36 [ERROR] [src\utils.rs:73] could not set window position for HWND(0x9051e): Access is denied. (0x80070005)
00:28:36 [ERROR] [src\utils.rs:73] could not set window position for HWND(0x9051e): Access is denied. (0x80070005)
00:30:04 [INFO] [src\utils.rs:824] border is disabled for HWND(0x101b4)
00:30:04 [INFO] [src\utils.rs:824] border is disabled for HWND(0x20132)
00:30:27 [INFO] [src\utils.rs:824] border is disabled for HWND(0x101b4)
00:30:27 [INFO] [src\utils.rs:824] border is disabled for HWND(0x20132)
00:31:32 [INFO] [src\utils.rs:824] border is disabled for HWND(0x101b4)
00:31:32 [INFO] [src\utils.rs:824] border is disabled for HWND(0x20132)
00:34:23 [INFO] [src\utils.rs:824] border is disabled for HWND(0x101b4)
00:34:23 [INFO] [src\utils.rs:824] border is disabled for HWND(0x20132)
00:36:54 [INFO] [src\utils.rs:824] border is disabled for HWND(0x801ce)
00:39:08 [INFO] [src\utils.rs:824] border is disabled for HWND(0x101b4)
00:39:08 [INFO] [src\utils.rs:824] border is disabled for HWND(0x20132)
00:39:58 [INFO] [src\utils.rs:824] border is disabled for HWND(0x101b4)
00:39:58 [INFO] [src\utils.rs:824] border is disabled for HWND(0x20132)
00:40:30 [INFO] [src\utils.rs:824] border is disabled for HWND(0x801ce)
00:40:31 [INFO] [src\utils.rs:824] border is disabled for HWND(0x101b4)
00:40:31 [INFO] [src\utils.rs:824] border is disabled for HWND(0x20132)
00:43:43 [INFO] [src\utils.rs:824] border is disabled for HWND(0x101b4)
00:43:43 [INFO] [src\utils.rs:824] border is disabled for HWND(0x20132)
00:45:01 [INFO] [src\utils.rs:824] border is disabled for HWND(0x101b4)
00:45:01 [INFO] [src\utils.rs:824] border is disabled for HWND(0x20132)
00:45:18 [INFO] [src\utils.rs:824] border is disabled for HWND(0x101b4)
00:45:18 [INFO] [src\utils.rs:824] border is disabled for HWND(0x20132)
00:45:32 [INFO] [src\utils.rs:824] border is disabled for HWND(0x101b4)
00:45:32 [INFO] [src\utils.rs:824] border is disabled for HWND(0x20132)
00:50:04 [ERROR] [src\utils.rs:73] hide_border_for_window: Invalid window handle. (0x80070578)
00:50:06 [INFO] [src\utils.rs:824] border is disabled for HWND(0x101b4)
00:50:06 [INFO] [src\utils.rs:824] border is disabled for HWND(0x20132)
00:51:53 [INFO] [src\utils.rs:824] border is disabled for HWND(0x801ce)
00:52:31 [INFO] [src\utils.rs:824] border is disabled for HWND(0x801ce)
00:52:32 [INFO] [src\utils.rs:824] border is disabled for HWND(0x101b4)
00:52:32 [INFO] [src\utils.rs:824] border is disabled for HWND(0x20132)
00:55:28 [INFO] [src\utils.rs:824] border is disabled for HWND(0x101b4)
00:55:28 [INFO] [src\utils.rs:824] border is disabled for HWND(0x20132)
13:21:50 [INFO] [src\main.rs:31] starting tacky-borders
13:21:50 [ERROR] [src\utils.rs:73] could not set window position for HWND(0x1034c): Access is denied. (0x80070005)
13:22:12 [INFO] [src\utils.rs:824] border is disabled for HWND(0x101aa)
13:22:12 [INFO] [src\utils.rs:824] border is disabled for HWND(0x301b0)
13:23:03 [INFO] [src\utils.rs:824] border is disabled for HWND(0x101aa)
13:23:03 [INFO] [src\utils.rs:824] border is disabled for HWND(0x301b0)
13:23:06 [INFO] [src\utils.rs:824] border is disabled for HWND(0x101aa)
13:23:06 [INFO] [src\utils.rs:824] border is disabled for HWND(0x301b0)
13:23:15 [INFO] [src\utils.rs:824] border is disabled for HWND(0x101aa)
13:23:15 [INFO] [src\utils.rs:824] border is disabled for HWND(0x301b0)
13:23:31 [INFO] [src\utils.rs:824] border is disabled for HWND(0x101aa)
13:23:31 [INFO] [src\utils.rs:824] border is disabled for HWND(0x301b0)
13:23:38 [INFO] [src\utils.rs:824] border is disabled for HWND(0x10558)
13:23:39 [INFO] [src\utils.rs:824] border is disabled for HWND(0x10558)
13:26:08 [INFO] [src\utils.rs:824] border is disabled for HWND(0x40436)
13:28:08 [INFO] [src\utils.rs:824] border is disabled for HWND(0x101aa)
13:28:08 [INFO] [src\utils.rs:824] border is disabled for HWND(0x301b0)
13:28:55 [INFO] [src\utils.rs:824] border is disabled for HWND(0x101aa)
13:28:55 [INFO] [src\utils.rs:824] border is disabled for HWND(0x301b0)
13:28:56 [INFO] [src\utils.rs:824] border is disabled for HWND(0x101aa)
13:28:56 [INFO] [src\utils.rs:824] border is disabled for HWND(0x301b0)
13:28:57 [INFO] [src\utils.rs:824] border is disabled for HWND(0x101aa)
13:28:57 [INFO] [src\utils.rs:824] border is disabled for HWND(0x301b0)
13:30:27 [INFO] [src\utils.rs:824] border is disabled for HWND(0x101aa)
13:30:27 [INFO] [src\utils.rs:824] border is disabled for HWND(0x301b0)
13:30:29 [INFO] [src\utils.rs:824] border is disabled for HWND(0x101aa)
13:30:29 [INFO] [src\utils.rs:824] border is disabled for HWND(0x301b0)
13:31:29 [INFO] [src\utils.rs:824] border is disabled for HWND(0x40436)
13:31:31 [INFO] [src\utils.rs:824] border is disabled for HWND(0x101aa)
13:31:31 [INFO] [src\utils.rs:824] border is disabled for HWND(0x301b0)
13:31:53 [INFO] [src\utils.rs:824] border is disabled for HWND(0x101aa)
13:31:53 [INFO] [src\utils.rs:824] border is disabled for HWND(0x301b0)
13:33:03 [INFO] [src\utils.rs:824] border is disabled for HWND(0x40436)
13:33:31 [INFO] [src\utils.rs:824] border is disabled for HWND(0x101aa)
13:33:31 [INFO] [src\utils.rs:824] border is disabled for HWND(0x301b0)
13:33:33 [INFO] [src\utils.rs:824] border is disabled for HWND(0x101aa)
13:33:33 [INFO] [src\utils.rs:824] border is disabled for HWND(0x301b0)
13:33:34 [INFO] [src\utils.rs:824] border is disabled for HWND(0x101aa)
13:33:34 [INFO] [src\utils.rs:824] border is disabled for HWND(0x301b0)
13:33:40 [INFO] [src\utils.rs:824] border is disabled for HWND(0x101aa)
13:33:40 [INFO] [src\utils.rs:824] border is disabled for HWND(0x301b0)
13:33:45 [INFO] [src\utils.rs:824] border is disabled for HWND(0x101aa)
13:33:45 [INFO] [src\utils.rs:824] border is disabled for HWND(0x301b0)
13:34:05 [INFO] [src\utils.rs:824] border is disabled for HWND(0x101aa)
13:34:05 [INFO] [src\utils.rs:824] border is disabled for HWND(0x301b0)
13:34:06 [INFO] [src\utils.rs:824] border is disabled for HWND(0x101aa)
13:34:06 [INFO] [src\utils.rs:824] border is disabled for HWND(0x301b0)
13:34:08 [INFO] [src\utils.rs:824] border is disabled for HWND(0x101aa)
13:34:08 [INFO] [src\utils.rs:824] border is disabled for HWND(0x301b0)
13:35:02 [INFO] [src\utils.rs:824] border is disabled for HWND(0x101aa)
13:35:02 [INFO] [src\utils.rs:824] border is disabled for HWND(0x301b0)
13:35:50 [INFO] [src\utils.rs:824] border is disabled for HWND(0x101aa)
13:35:50 [INFO] [src\utils.rs:824] border is disabled for HWND(0x301b0)
13:35:51 [INFO] [src\utils.rs:824] border is disabled for HWND(0x101aa)
13:35:51 [INFO] [src\utils.rs:824] border is disabled for HWND(0x301b0)
13:36:00 [INFO] [src\utils.rs:824] border is disabled for HWND(0x101aa)
13:36:00 [INFO] [src\utils.rs:824] border is disabled for HWND(0x301b0)
13:36:10 [INFO] [src\utils.rs:824] border is disabled for HWND(0x101aa)
13:36:10 [INFO] [src\utils.rs:824] border is disabled for HWND(0x301b0)
13:36:39 [INFO] [src\utils.rs:824] border is disabled for HWND(0x101aa)
13:36:39 [INFO] [src\utils.rs:824] border is disabled for HWND(0x301b0)
13:36:51 [INFO] [src\utils.rs:824] border is disabled for HWND(0x101aa)
13:36:51 [INFO] [src\utils.rs:824] border is disabled for HWND(0x301b0)
13:36:58 [INFO] [src\utils.rs:824] border is disabled for HWND(0x205d2)
13:37:25 [INFO] [src\utils.rs:824] border is disabled for HWND(0x40436)
13:38:35 [INFO] [src\utils.rs:824] border is disabled for HWND(0x40436)
13:38:38 [INFO] [src\utils.rs:824] border is disabled for HWND(0x101aa)
13:38:38 [INFO] [src\utils.rs:824] border is disabled for HWND(0x301b0)
13:39:15 [INFO] [src\utils.rs:824] border is disabled for HWND(0x101aa)
13:39:15 [INFO] [src\utils.rs:824] border is disabled for HWND(0x301b0)
13:39:31 [INFO] [src\utils.rs:824] border is disabled for HWND(0x101aa)
13:39:31 [INFO] [src\utils.rs:824] border is disabled for HWND(0x301b0)
13:40:12 [INFO] [src\utils.rs:824] border is disabled for HWND(0x40436)
13:40:38 [INFO] [src\utils.rs:824] border is disabled for HWND(0x101aa)
13:40:38 [INFO] [src\utils.rs:824] border is disabled for HWND(0x301b0)
13:42:24 [INFO] [src\utils.rs:824] border is disabled for HWND(0x101aa)
13:42:24 [INFO] [src\utils.rs:824] border is disabled for HWND(0x301b0)
13:42:29 [INFO] [src\utils.rs:824] border is disabled for HWND(0x101aa)
13:42:29 [INFO] [src\utils.rs:824] border is disabled for HWND(0x301b0)
13:42:34 [INFO] [src\utils.rs:824] border is disabled for HWND(0x101aa)
13:42:34 [INFO] [src\utils.rs:824] border is disabled for HWND(0x301b0)
13:42:51 [INFO] [src\utils.rs:824] border is disabled for HWND(0x101aa)
13:42:51 [INFO] [src\utils.rs:824] border is disabled for HWND(0x301b0)
13:43:22 [INFO] [src\utils.rs:824] border is disabled for HWND(0x101aa)
13:43:22 [INFO] [src\utils.rs:824] border is disabled for HWND(0x301b0)
13:43:23 [INFO] [src\utils.rs:824] border is disabled for HWND(0x101aa)
13:43:23 [INFO] [src\utils.rs:824] border is disabled for HWND(0x301b0)
13:43:26 [INFO] [src\utils.rs:824] border is disabled for HWND(0x101aa)
13:43:26 [INFO] [src\utils.rs:824] border is disabled for HWND(0x301b0)
13:43:33 [INFO] [src\utils.rs:824] border is disabled for HWND(0x101aa)
13:43:33 [INFO] [src\utils.rs:824] border is disabled for HWND(0x301b0)
13:48:20 [INFO] [src\utils.rs:824] border is disabled for HWND(0x40436)
13:48:21 [INFO] [src\utils.rs:824] border is disabled for HWND(0x101aa)
13:48:21 [INFO] [src\utils.rs:824] border is disabled for HWND(0x301b0)
13:50:29 [INFO] [src\utils.rs:824] border is disabled for HWND(0x40436)
13:51:07 [INFO] [src\utils.rs:824] border is disabled for HWND(0x40436)
13:52:01 [INFO] [src\utils.rs:824] border is disabled for HWND(0x40436)
13:54:36 [INFO] [src\utils.rs:824] border is disabled for HWND(0x40436)
13:54:38 [INFO] [src\utils.rs:824] border is disabled for HWND(0x101aa)
13:54:38 [INFO] [src\utils.rs:824] border is disabled for HWND(0x301b0)
13:58:48 [INFO] [src\utils.rs:824] border is disabled for HWND(0x40436)
13:58:52 [INFO] [src\utils.rs:824] border is disabled for HWND(0x101aa)
13:58:52 [INFO] [src\utils.rs:824] border is disabled for HWND(0x301b0)
14:00:20 [INFO] [src\utils.rs:824] border is disabled for HWND(0x40436)
14:00:48 [INFO] [src\utils.rs:824] border is disabled for HWND(0x101aa)
14:00:48 [INFO] [src\utils.rs:824] border is disabled for HWND(0x301b0)
14:02:22 [INFO] [src\utils.rs:824] border is disabled for HWND(0x40436)
14:04:38 [INFO] [src\utils.rs:824] border is disabled for HWND(0x40436)
14:15:55 [INFO] [src\utils.rs:824] border is disabled for HWND(0x40436)
14:18:29 [INFO] [src\utils.rs:824] border is disabled for HWND(0x40436)
14:18:36 [INFO] [src\utils.rs:824] border is disabled for HWND(0x40436)
14:18:36 [INFO] [src\utils.rs:824] border is disabled for HWND(0x101aa)
14:18:36 [INFO] [src\utils.rs:824] border is disabled for HWND(0x301b0)
14:19:15 [INFO] [src\utils.rs:824] border is disabled for HWND(0x101aa)
14:19:15 [INFO] [src\utils.rs:824] border is disabled for HWND(0x301b0)
14:19:23 [INFO] [src\utils.rs:824] border is disabled for HWND(0x101aa)
14:19:23 [INFO] [src\utils.rs:824] border is disabled for HWND(0x301b0)
14:22:17 [INFO] [src\utils.rs:824] border is disabled for HWND(0x101aa)
14:22:17 [INFO] [src\utils.rs:824] border is disabled for HWND(0x301b0)
14:22:55 [INFO] [src\utils.rs:824] border is disabled for HWND(0x40436)
14:23:37 [INFO] [src\utils.rs:824] border is disabled for HWND(0x101aa)
14:23:37 [INFO] [src\utils.rs:824] border is disabled for HWND(0x301b0)
14:24:24 [INFO] [src\utils.rs:824] border is disabled for HWND(0x101aa)
14:24:24 [INFO] [src\utils.rs:824] border is disabled for HWND(0x301b0)
14:24:33 [ERROR] [src\utils.rs:531] could not retrieve window process name for HWND(0x80442): could not open process of HWND(0x80442)
14:24:41 [ERROR] [src\utils.rs:73] could not set window position for HWND(0xd044e): Access is denied. (0x80070005)
14:24:46 [ERROR] [src\utils.rs:73] could not set window position for HWND(0xd044e): Access is denied. (0x80070005)
14:24:46 [ERROR] [src\utils.rs:73] could not set window position for HWND(0xd044e): Access is denied. (0x80070005)
14:26:26 [INFO] [src\utils.rs:824] border is disabled for HWND(0x40436)
14:26:39 [ERROR] [src\utils.rs:519] could not retrieve window title for HWND(0x1906da): WIN32_ERROR(5)
14:28:15 [INFO] [src\utils.rs:824] border is disabled for HWND(0x1d0424)
14:28:17 [INFO] [src\utils.rs:824] border is disabled for HWND(0x40436)
14:28:17 [INFO] [src\utils.rs:824] border is disabled for HWND(0x1d0424)
14:28:19 [INFO] [src\utils.rs:824] border is disabled for HWND(0x101aa)
14:28:19 [INFO] [src\utils.rs:824] border is disabled for HWND(0x301b0)
14:34:18 [INFO] [src\utils.rs:824] border is disabled for HWND(0x101aa)
14:34:18 [INFO] [src\utils.rs:824] border is disabled for HWND(0x301b0)
14:37:47 [INFO] [src\utils.rs:824] border is disabled for HWND(0x40436)
14:46:36 [INFO] [src\utils.rs:824] border is disabled for HWND(0x40436)
14:47:01 [INFO] [src\utils.rs:824] border is disabled for HWND(0x40436)
14:49:03 [INFO] [src\utils.rs:824] border is disabled for HWND(0x40436)
14:49:28 [ERROR] [src\utils.rs:531] could not retrieve window process name for HWND(0x2206c4): could not open process of HWND(0x2206c4)
14:49:36 [INFO] [src\utils.rs:824] border is disabled for HWND(0x40436)
14:49:37 [ERROR] [src\utils.rs:519] could not retrieve window title for HWND(0x80768): WIN32_ERROR(5)
14:49:40 [ERROR] [src\utils.rs:73] could not set window position for HWND(0x32063c): Access is denied. (0x80070005)
14:49:40 [ERROR] [src\utils.rs:73] could not set window position for HWND(0x32063c): Access is denied. (0x80070005)
14:49:52 [ERROR] [src\utils.rs:73] could not set window position for HWND(0x150410): Access is denied. (0x80070005)
14:49:52 [ERROR] [src\utils.rs:73] could not set window position for HWND(0x150410): Access is denied. (0x80070005)
14:50:04 [ERROR] [src\utils.rs:73] could not set window position for HWND(0x2206c4): Access is denied. (0x80070005)
14:50:04 [ERROR] [src\utils.rs:73] could not set window position for HWND(0x2206c4): Access is denied. (0x80070005)
14:50:06 [ERROR] [src\utils.rs:73] could not set window position for HWND(0x2304c2): Access is denied. (0x80070005)
14:50:06 [ERROR] [src\utils.rs:73] could not set window position for HWND(0x2304c2): Access is denied. (0x80070005)
14:50:06 [ERROR] [src\utils.rs:73] could not set window position for HWND(0x2304c2): Access is denied. (0x80070005)
14:50:09 [ERROR] [src\utils.rs:73] could not set window position for HWND(0x2304c2): Access is denied. (0x80070005)
14:50:09 [ERROR] [src\utils.rs:73] could not set window position for HWND(0x2304c2): Access is denied. (0x80070005)
14:53:48 [INFO] [src\utils.rs:824] border is disabled for HWND(0x101aa)
14:53:48 [INFO] [src\utils.rs:824] border is disabled for HWND(0x301b0)
14:53:55 [INFO] [src\utils.rs:824] border is disabled for HWND(0x101aa)
14:53:55 [INFO] [src\utils.rs:824] border is disabled for HWND(0x301b0)
14:54:19 [INFO] [src\utils.rs:824] border is disabled for HWND(0x101aa)
14:54:19 [INFO] [src\utils.rs:824] border is disabled for HWND(0x301b0)
14:54:23 [INFO] [src\utils.rs:824] border is disabled for HWND(0x10558)
14:55:06 [INFO] [src\utils.rs:824] border is disabled for HWND(0x101aa)
14:55:06 [INFO] [src\utils.rs:824] border is disabled for HWND(0x301b0)
14:55:13 [INFO] [src\utils.rs:824] border is disabled for HWND(0x40436)
14:56:57 [INFO] [src\utils.rs:824] border is disabled for HWND(0x101aa)
14:56:57 [INFO] [src\utils.rs:824] border is disabled for HWND(0x301b0)
14:57:51 [INFO] [src\utils.rs:824] border is disabled for HWND(0x101aa)
14:57:51 [INFO] [src\utils.rs:824] border is disabled for HWND(0x301b0)
14:57:54 [INFO] [src\utils.rs:824] border is disabled for HWND(0x40436)
14:58:28 [INFO] [src\utils.rs:824] border is disabled for HWND(0x40436)
14:58:31 [INFO] [src\utils.rs:824] border is disabled for HWND(0x101aa)
14:58:31 [INFO] [src\utils.rs:824] border is disabled for HWND(0x301b0)
14:58:47 [INFO] [src\utils.rs:824] border is disabled for HWND(0x101aa)
14:58:47 [INFO] [src\utils.rs:824] border is disabled for HWND(0x301b0)
14:59:21 [INFO] [src\utils.rs:824] border is disabled for HWND(0x101aa)
14:59:21 [INFO] [src\utils.rs:824] border is disabled for HWND(0x301b0)
14:59:34 [INFO] [src\utils.rs:824] border is disabled for HWND(0x101aa)
14:59:34 [INFO] [src\utils.rs:824] border is disabled for HWND(0x301b0)
15:01:46 [INFO] [src\utils.rs:824] border is disabled for HWND(0x40436)
15:03:05 [INFO] [src\utils.rs:824] border is disabled for HWND(0x40436)
15:03:11 [INFO] [src\utils.rs:824] border is disabled for HWND(0x40436)
15:03:25 [INFO] [src\utils.rs:824] border is disabled for HWND(0x101aa)
15:03:25 [INFO] [src\utils.rs:824] border is disabled for HWND(0x301b0)
15:04:17 [INFO] [src\utils.rs:824] border is disabled for HWND(0x101aa)
15:04:17 [INFO] [src\utils.rs:824] border is disabled for HWND(0x301b0)
15:08:02 [INFO] [src\utils.rs:824] border is disabled for HWND(0x40436)
15:10:48 [INFO] [src\utils.rs:824] border is disabled for HWND(0x101aa)
15:10:48 [INFO] [src\utils.rs:824] border is disabled for HWND(0x301b0)
15:10:55 [INFO] [src\utils.rs:824] border is disabled for HWND(0x101aa)
15:10:55 [INFO] [src\utils.rs:824] border is disabled for HWND(0x301b0)
15:13:13 [INFO] [src\utils.rs:824] border is disabled for HWND(0x101aa)
15:13:13 [INFO] [src\utils.rs:824] border is disabled for HWND(0x301b0)
15:14:01 [INFO] [src\utils.rs:824] border is disabled for HWND(0x101aa)
15:14:01 [INFO] [src\utils.rs:824] border is disabled for HWND(0x301b0)
15:14:11 [INFO] [src\utils.rs:824] border is disabled for HWND(0x101aa)
15:14:11 [INFO] [src\utils.rs:824] border is disabled for HWND(0x301b0)
15:15:20 [INFO] [src\utils.rs:824] border is disabled for HWND(0x101aa)
15:15:20 [INFO] [src\utils.rs:824] border is disabled for HWND(0x301b0)
15:18:38 [INFO] [src\utils.rs:824] border is disabled for HWND(0x1306e0)
15:19:56 [INFO] [src\utils.rs:824] border is disabled for HWND(0x40436)
15:20:00 [INFO] [src\utils.rs:824] border is disabled for HWND(0x101aa)
15:20:00 [INFO] [src\utils.rs:824] border is disabled for HWND(0x301b0)
15:24:35 [INFO] [src\utils.rs:824] border is disabled for HWND(0x40436)
15:24:42 [INFO] [src\utils.rs:824] border is disabled for HWND(0x40436)
15:25:22 [INFO] [src\utils.rs:824] border is disabled for HWND(0x101aa)
15:25:22 [INFO] [src\utils.rs:824] border is disabled for HWND(0x301b0)
15:27:28 [INFO] [src\utils.rs:824] border is disabled for HWND(0x2b0484)
15:28:17 [INFO] [src\utils.rs:824] border is disabled for HWND(0x40436)
15:28:23 [INFO] [src\utils.rs:824] border is disabled for HWND(0x101aa)
15:28:23 [INFO] [src\utils.rs:824] border is disabled for HWND(0x301b0)
15:28:48 [INFO] [src\utils.rs:824] border is disabled for HWND(0x101aa)
15:28:48 [INFO] [src\utils.rs:824] border is disabled for HWND(0x301b0)
15:29:08 [INFO] [src\utils.rs:824] border is disabled for HWND(0x40436)
15:29:45 [INFO] [src\utils.rs:824] border is disabled for HWND(0x23064a)
15:30:02 [INFO] [src\utils.rs:824] border is disabled for HWND(0x101aa)
15:30:02 [INFO] [src\utils.rs:824] border is disabled for HWND(0x301b0)
15:30:10 [INFO] [src\utils.rs:824] border is disabled for HWND(0x101aa)
15:30:10 [INFO] [src\utils.rs:824] border is disabled for HWND(0x301b0)
15:30:23 [INFO] [src\utils.rs:824] border is disabled for HWND(0x40436)
15:30:23 [INFO] [src\utils.rs:824] border is disabled for HWND(0x101aa)
15:30:23 [INFO] [src\utils.rs:824] border is disabled for HWND(0x301b0)
15:30:33 [INFO] [src\utils.rs:824] border is disabled for HWND(0x101aa)
15:30:33 [INFO] [src\utils.rs:824] border is disabled for HWND(0x301b0)
15:32:37 [INFO] [src\utils.rs:824] border is disabled for HWND(0x23071e)
15:32:42 [INFO] [src\utils.rs:824] border is disabled for HWND(0x101aa)
15:32:42 [INFO] [src\utils.rs:824] border is disabled for HWND(0x301b0)
15:33:01 [INFO] [src\utils.rs:824] border is disabled for HWND(0x4b04d2)
15:33:06 [INFO] [src\utils.rs:824] border is disabled for HWND(0x40436)
15:33:18 [INFO] [src\utils.rs:824] border is disabled for HWND(0x40436)
15:33:50 [INFO] [src\utils.rs:824] border is disabled for HWND(0x10558)
15:34:00 [INFO] [src\utils.rs:824] border is disabled for HWND(0x101aa)
15:34:00 [INFO] [src\utils.rs:824] border is disabled for HWND(0x301b0)
15:34:06 [INFO] [src\utils.rs:824] border is disabled for HWND(0x10558)
15:34:18 [INFO] [src\utils.rs:824] border is disabled for HWND(0x6031e)
15:35:25 [INFO] [src\utils.rs:824] border is disabled for HWND(0x101aa)
15:35:25 [INFO] [src\utils.rs:824] border is disabled for HWND(0x301b0)
15:35:53 [INFO] [src\utils.rs:824] border is disabled for HWND(0x3b058a)
15:35:57 [INFO] [src\utils.rs:824] border is disabled for HWND(0x101aa)
15:35:57 [INFO] [src\utils.rs:824] border is disabled for HWND(0x301b0)
15:36:35 [INFO] [src\utils.rs:824] border is disabled for HWND(0x101aa)
15:36:35 [INFO] [src\utils.rs:824] border is disabled for HWND(0x301b0)
15:37:11 [INFO] [src\utils.rs:824] border is disabled for HWND(0x101aa)
15:37:11 [INFO] [src\utils.rs:824] border is disabled for HWND(0x301b0)
15:37:13 [INFO] [src\utils.rs:824] border is disabled for HWND(0x101aa)
15:37:13 [INFO] [src\utils.rs:824] border is disabled for HWND(0x301b0)
15:37:29 [INFO] [src\utils.rs:824] border is disabled for HWND(0x101aa)
15:37:29 [INFO] [src\utils.rs:824] border is disabled for HWND(0x301b0)
15:37:36 [INFO] [src\utils.rs:824] border is disabled for HWND(0x101aa)
15:37:36 [INFO] [src\utils.rs:824] border is disabled for HWND(0x301b0)
